#
# There is insufficient memory for the Java Runtime Environment to continue.
# Native memory allocation (malloc) failed to allocate 1906256 bytes for Chunk::new
# Possible reasons:
#   The system is out of physical RAM or swap space
#   The process is running with CompressedOops enabled, and the Java Heap may be blocking the growth of the native heap
# Possible solutions:
#   Reduce memory load on the system
#   Increase physical memory or swap space
#   Check if swap backing store is full
#   Decrease Java heap size (-Xmx/-Xms)
#   Decrease number of Java threads
#   Decrease Java thread stack sizes (-Xss)
#   Set larger code cache with -XX:ReservedCodeCacheSize=
#   JVM is running with Unscaled Compressed Oops mode in which the Java heap is
#     placed in the first 4GB address space. The Java Heap base address is the
#     maximum limit for the native heap growth. Please use -XX:HeapBaseMinAddress
#     to set the Java Heap base and to place the Java Heap above 4GB virtual address.
# This output file may be truncated or incomplete.
#
#  Out of Memory Error (arena.cpp:191), pid=11304, tid=7268
#
# JRE version: OpenJDK Runtime Environment (17.0.10) (build 17.0.10+0--11609105)
# Java VM: OpenJDK 64-Bit Server VM (17.0.10+0--11609105, mixed mode, tiered, compressed oops, compressed class ptrs, g1 gc, windows-amd64)
# No core dump will be written. Minidumps are not enabled by default on client versions of Windows
#

---------------  S U M M A R Y ------------

Command Line: --add-opens=java.base/java.util=ALL-UNNAMED --add-opens=java.base/java.lang=ALL-UNNAMED --add-opens=java.base/java.lang.invoke=ALL-UNNAMED --add-opens=java.prefs/java.util.prefs=ALL-UNNAMED --add-opens=java.base/java.nio.charset=ALL-UNNAMED --add-opens=java.base/java.net=ALL-UNNAMED --add-opens=java.base/java.util.concurrent.atomic=ALL-UNNAMED -Xmx2048m -Dfile.encoding=UTF-8 -Duser.country=US -Duser.language=en -Duser.variant -javaagent:C:\Users\DELL\gradle-8.7\wrapper\dists\gradle-8.7-bin\bhs2wmbdwecv87pi65oeuq5iu\gradle-8.7\lib\agents\gradle-instrumentation-agent-8.7.jar org.gradle.launcher.daemon.bootstrap.GradleDaemon 8.7

Host: AMD Ryzen 5 3450U with Radeon Vega Mobile Gfx  , 8 cores, 13G,  Windows 11 , 64 bit Build 22621 (10.0.22621.3672)
Time: Tue Jun 18 23:13:16 2024 Nepal Standard Time elapsed time: 91.719505 seconds (0d 0h 1m 31s)

---------------  T H R E A D  ---------------

Current thread (0x000001e418fd5850):  JavaThread "C2 CompilerThread1" daemon [_thread_in_native, id=7268, stack(0x0000008acce00000,0x0000008accf00000)]


Current CompileTask:
C2:  91719 18763       4       com.android.tools.r8.internal.rv::a (71 bytes)

Stack: [0x0000008acce00000,0x0000008accf00000]
Native frames: (J=compiled Java code, j=interpreted, Vv=VM code, C=native code)
V  [jvm.dll+0x688de9]
V  [jvm.dll+0x8423da]
V  [jvm.dll+0x84401e]
V  [jvm.dll+0x844683]
V  [jvm.dll+0x24be0f]
V  [jvm.dll+0xac524]
V  [jvm.dll+0xacb6c]
V  [jvm.dll+0x36bd12]
V  [jvm.dll+0x33615a]
V  [jvm.dll+0x3355fa]
V  [jvm.dll+0x21daa1]
V  [jvm.dll+0x21cec1]
V  [jvm.dll+0x1a60ad]
V  [jvm.dll+0x22cd78]
V  [jvm.dll+0x22aeb0]
V  [jvm.dll+0x7f6877]
V  [jvm.dll+0x7f0c7a]
V  [jvm.dll+0x687c65]
C  [ucrtbase.dll+0x29333]
C  [KERNEL32.DLL+0x1257d]
C  [ntdll.dll+0x5af28]


---------------  P R O C E S S  ---------------

Threads class SMR info:
_java_thread_list=0x000001e41dfe96a0, length=99, elements={
0x000001e478b5ac70, 0x000001e47fb54430, 0x000001e47fb54f60, 0x000001e47fb98290,
0x000001e47fb99110, 0x000001e47fb9ace0, 0x000001e47fb9dab0, 0x000001e47fba2860,
0x000001e47fbb4070, 0x000001e47fbb4a70, 0x000001e47fcc2420, 0x000001e47fe5e770,
0x000001e419627020, 0x000001e417205490, 0x000001e4175bf210, 0x000001e4196cfec0,
0x000001e418c80350, 0x000001e418c80d70, 0x000001e418c81ca0, 0x000001e418c821b0,
0x000001e418c81790, 0x000001e419485400, 0x000001e4194835a0, 0x000001e4176656f0,
0x000001e41c6c2d90, 0x000001e41c6c7470, 0x000001e41b300d80, 0x000001e41b3021c0,
0x000001e41b305e80, 0x000001e41b304020, 0x000001e41b3077d0, 0x000001e41b304530,
0x000001e41b307ce0, 0x000001e41b304a40, 0x000001e41b305460, 0x000001e41b303600,
0x000001e41b306db0, 0x000001e41b3072c0, 0x000001e41b300870, 0x000001e41b3081f0,
0x000001e41b301290, 0x000001e41b304f50, 0x000001e41b303b10, 0x000001e41b3017a0,
0x000001e41b301cb0, 0x000001e41b3026d0, 0x000001e41b3030f0, 0x000001e47feab4f0,
0x000001e47fea8250, 0x000001e47feaba00, 0x000001e47feabf10, 0x000001e47feac930,
0x000001e47fea7320, 0x000001e47fea8760, 0x000001e47feace40, 0x000001e47feaafe0,
0x000001e47fea8c70, 0x000001e47fea9180, 0x000001e47fea9690, 0x000001e47fea9ba0,
0x000001e47feaa0b0, 0x000001e47fead350, 0x000001e47fead860, 0x000001e47feadd70,
0x000001e47feae280, 0x000001e47fea6e10, 0x000001e47feae790, 0x000001e41c6c41d0,
0x000001e41c6c83a0, 0x000001e41c6c6030, 0x000001e41c6c46e0, 0x000001e41c6c6540,
0x000001e41c6c7e90, 0x000001e41c6c1440, 0x000001e41c6c1950, 0x000001e41c6c4bf0,
0x000001e41c6c5610, 0x000001e41c6c5100, 0x000001e417668480, 0x000001e4176698c0,
0x000001e41766a2e0, 0x000001e41766b210, 0x000001e417668ea0, 0x000001e417666620,
0x000001e417669dd0, 0x000001e4176647c0, 0x000001e417665c00, 0x000001e417666110,
0x000001e417666b30, 0x000001e417667a60, 0x000001e417668990, 0x000001e41c422290,
0x000001e41c424600, 0x000001e41c4227a0, 0x000001e41c425530, 0x000001e41c423be0,
0x000001e41c4236d0, 0x000001e418fd5850, 0x000001e4236cd5c0
}

Java Threads: ( => current thread )
  0x000001e478b5ac70 JavaThread "main" [_thread_blocked, id=8328, stack(0x0000008aca600000,0x0000008aca700000)]
  0x000001e47fb54430 JavaThread "Reference Handler" daemon [_thread_blocked, id=8376, stack(0x0000008acad00000,0x0000008acae00000)]
  0x000001e47fb54f60 JavaThread "Finalizer" daemon [_thread_blocked, id=15924, stack(0x0000008acae00000,0x0000008acaf00000)]
  0x000001e47fb98290 JavaThread "Signal Dispatcher" daemon [_thread_blocked, id=6604, stack(0x0000008acaf00000,0x0000008acb000000)]
  0x000001e47fb99110 JavaThread "Attach Listener" daemon [_thread_blocked, id=16892, stack(0x0000008acb000000,0x0000008acb100000)]
  0x000001e47fb9ace0 JavaThread "Service Thread" daemon [_thread_blocked, id=17048, stack(0x0000008acb100000,0x0000008acb200000)]
  0x000001e47fb9dab0 JavaThread "Monitor Deflation Thread" daemon [_thread_blocked, id=16944, stack(0x0000008acb200000,0x0000008acb300000)]
  0x000001e47fba2860 JavaThread "C2 CompilerThread0" daemon [_thread_in_native, id=9356, stack(0x0000008acb300000,0x0000008acb400000)]
  0x000001e47fbb4070 JavaThread "C1 CompilerThread0" daemon [_thread_in_native, id=19272, stack(0x0000008acb400000,0x0000008acb500000)]
  0x000001e47fbb4a70 JavaThread "Sweeper thread" daemon [_thread_blocked, id=12712, stack(0x0000008acb500000,0x0000008acb600000)]
  0x000001e47fcc2420 JavaThread "Common-Cleaner" daemon [_thread_blocked, id=2620, stack(0x0000008acb600000,0x0000008acb700000)]
  0x000001e47fe5e770 JavaThread "Notification Thread" daemon [_thread_blocked, id=19940, stack(0x0000008acb700000,0x0000008acb800000)]
  0x000001e419627020 JavaThread "Daemon health stats" [_thread_blocked, id=10420, stack(0x0000008acbf00000,0x0000008acc000000)]
  0x000001e417205490 JavaThread "Incoming local TCP Connector on port 62850" [_thread_in_native, id=11872, stack(0x0000008acba00000,0x0000008acbb00000)]
  0x000001e4175bf210 JavaThread "Daemon periodic checks" [_thread_blocked, id=13636, stack(0x0000008acc000000,0x0000008acc100000)]
  0x000001e4196cfec0 JavaThread "Daemon" [_thread_blocked, id=10288, stack(0x0000008acc100000,0x0000008acc200000)]
  0x000001e418c80350 JavaThread "Daemon worker" [_thread_blocked, id=21032, stack(0x0000008acc400000,0x0000008acc500000)]
  0x000001e418c80d70 JavaThread "Cache worker for journal cache (C:\Users\DELL\gradle-8.7\caches\journal-1)" [_thread_blocked, id=5540, stack(0x0000008accb00000,0x0000008accc00000)]
  0x000001e418c81ca0 JavaThread "File lock request listener" [_thread_in_native, id=6932, stack(0x0000008accc00000,0x0000008accd00000)]
  0x000001e418c821b0 JavaThread "Cache worker for file hash cache (C:\Users\DELL\gradle-8.7\caches\8.7\fileHashes)" [_thread_blocked, id=17204, stack(0x0000008accd00000,0x0000008acce00000)]
  0x000001e418c81790 JavaThread "File watcher server" daemon [_thread_in_native, id=1800, stack(0x0000008acd100000,0x0000008acd200000)]
  0x000001e419485400 JavaThread "File watcher consumer" daemon [_thread_blocked, id=15704, stack(0x0000008acd200000,0x0000008acd300000)]
  0x000001e4194835a0 JavaThread "Cache worker for file content cache (C:\Users\DELL\gradle-8.7\caches\8.7\fileContent)" [_thread_blocked, id=10912, stack(0x0000008acd600000,0x0000008acd700000)]
  0x000001e4176656f0 JavaThread "Memory manager" [_thread_blocked, id=12616, stack(0x0000008aced00000,0x0000008acee00000)]
  0x000001e41c6c2d90 JavaThread "pool-3-thread-1" [_thread_blocked, id=20896, stack(0x0000008acf000000,0x0000008acf100000)]
  0x000001e41c6c7470 JavaThread "included builds" [_thread_blocked, id=17100, stack(0x0000008acf200000,0x0000008acf300000)]
  0x000001e41b300d80 JavaThread "VFS cleanup" [_thread_blocked, id=11936, stack(0x0000008acb900000,0x0000008acba00000)]
  0x000001e41b3021c0 JavaThread "Handler for socket connection from /127.0.0.1:62850 to /127.0.0.1:62881" [_thread_in_native, id=9016, stack(0x0000008aca300000,0x0000008aca400000)]
  0x000001e41b305e80 JavaThread "Cancel handler" [_thread_blocked, id=14636, stack(0x0000008aca400000,0x0000008aca500000)]
  0x000001e41b304020 JavaThread "Asynchronous log dispatcher for DefaultDaemonConnection: socket connection from /127.0.0.1:62850 to /127.0.0.1:62881" [_thread_blocked, id=260, stack(0x0000008aca500000,0x0000008aca600000)]
  0x000001e41b3077d0 JavaThread "Stdin handler" [_thread_blocked, id=10168, stack(0x0000008acc200000,0x0000008acc300000)]
  0x000001e41b304530 JavaThread "Daemon client event forwarder" [_thread_blocked, id=7276, stack(0x0000008acc300000,0x0000008acc400000)]
  0x000001e41b307ce0 JavaThread "Cache worker for file hash cache (C:\Users\DELL\AndroidStudioProjects\Doctor_Booking_System\.gradle\8.7\fileHashes)" [_thread_blocked, id=13784, stack(0x0000008acc500000,0x0000008acc600000)]
  0x000001e41b304a40 JavaThread "Cache worker for checksums cache (C:\Users\DELL\AndroidStudioProjects\Doctor_Booking_System\.gradle\8.7\checksums)" [_thread_blocked, id=3980, stack(0x0000008acd000000,0x0000008acd100000)]
  0x000001e41b305460 JavaThread "Cache worker for cache directory md-supplier (C:\Users\DELL\gradle-8.7\caches\8.7\md-supplier)" [_thread_blocked, id=1564, stack(0x0000008acd300000,0x0000008acd400000)]
  0x000001e41b303600 JavaThread "Cache worker for cache directory md-rule (C:\Users\DELL\gradle-8.7\caches\8.7\md-rule)" [_thread_blocked, id=9324, stack(0x0000008acd400000,0x0000008acd500000)]
  0x000001e41b306db0 JavaThread "Cache worker for Build Output Cleanup Cache (C:\Users\DELL\AndroidStudioProjects\Doctor_Booking_System\.gradle\buildOutputCleanup)" [_thread_blocked, id=16368, stack(0x0000008acd500000,0x0000008acd600000)]
  0x000001e41b3072c0 JavaThread "Unconstrained build operations" [_thread_blocked, id=21072, stack(0x0000008acd700000,0x0000008acd800000)]
  0x000001e41b300870 JavaThread "Unconstrained build operations Thread 2" [_thread_blocked, id=18784, stack(0x0000008acd800000,0x0000008acd900000)]
  0x000001e41b3081f0 JavaThread "Unconstrained build operations Thread 3" [_thread_blocked, id=1116, stack(0x0000008acd900000,0x0000008acda00000)]
  0x000001e41b301290 JavaThread "Unconstrained build operations Thread 4" [_thread_blocked, id=9416, stack(0x0000008acda00000,0x0000008acdb00000)]
  0x000001e41b304f50 JavaThread "Unconstrained build operations Thread 5" [_thread_blocked, id=7208, stack(0x0000008acdb00000,0x0000008acdc00000)]
  0x000001e41b303b10 JavaThread "Unconstrained build operations Thread 6" [_thread_blocked, id=1856, stack(0x0000008acdc00000,0x0000008acdd00000)]
  0x000001e41b3017a0 JavaThread "Unconstrained build operations Thread 7" [_thread_blocked, id=6128, stack(0x0000008acdd00000,0x0000008acde00000)]
  0x000001e41b301cb0 JavaThread "build event listener" [_thread_blocked, id=8616, stack(0x0000008acde00000,0x0000008acdf00000)]
  0x000001e41b3026d0 JavaThread "build event listener" [_thread_blocked, id=10888, stack(0x0000008acdf00000,0x0000008ace000000)]
  0x000001e41b3030f0 JavaThread "pool-7-thread-1" [_thread_blocked, id=15864, stack(0x0000008ace000000,0x0000008ace100000)]
  0x000001e47feab4f0 JavaThread "build event listener" [_thread_blocked, id=19624, stack(0x0000008ace100000,0x0000008ace200000)]
  0x000001e47fea8250 JavaThread "included builds" [_thread_blocked, id=14212, stack(0x0000008ace200000,0x0000008ace300000)]
  0x000001e47feaba00 JavaThread "Execution worker" [_thread_blocked, id=15664, stack(0x0000008ace300000,0x0000008ace400000)]
  0x000001e47feabf10 JavaThread "Execution worker Thread 2" [_thread_blocked, id=3700, stack(0x0000008ace400000,0x0000008ace500000)]
  0x000001e47feac930 JavaThread "Execution worker Thread 3" [_thread_blocked, id=20736, stack(0x0000008ace500000,0x0000008ace600000)]
  0x000001e47fea7320 JavaThread "Execution worker Thread 4" [_thread_blocked, id=21496, stack(0x0000008acee00000,0x0000008acef00000)]
  0x000001e47fea8760 JavaThread "Execution worker Thread 5" [_thread_blocked, id=2264, stack(0x0000008acf100000,0x0000008acf200000)]
  0x000001e47feace40 JavaThread "Execution worker Thread 6" [_thread_blocked, id=16308, stack(0x0000008acf300000,0x0000008acf400000)]
  0x000001e47feaafe0 JavaThread "Execution worker Thread 7" [_thread_blocked, id=19504, stack(0x0000008acf400000,0x0000008acf500000)]
  0x000001e47fea8c70 JavaThread "Cache worker for execution history cache (C:\Users\DELL\AndroidStudioProjects\Doctor_Booking_System\.gradle\8.7\executionHistory)" [_thread_blocked, id=14372, stack(0x0000008acf500000,0x0000008acf600000)]
  0x000001e47fea9180 JavaThread "Unconstrained build operations Thread 8" [_thread_blocked, id=2856, stack(0x0000008acf600000,0x0000008acf700000)]
  0x000001e47fea9690 JavaThread "Unconstrained build operations Thread 9" [_thread_blocked, id=13476, stack(0x0000008acf700000,0x0000008acf800000)]
  0x000001e47fea9ba0 JavaThread "Unconstrained build operations Thread 10" [_thread_blocked, id=17524, stack(0x0000008acf800000,0x0000008acf900000)]
  0x000001e47feaa0b0 JavaThread "Unconstrained build operations Thread 11" [_thread_blocked, id=20508, stack(0x0000008acf900000,0x0000008acfa00000)]
  0x000001e47fead350 JavaThread "Unconstrained build operations Thread 12" [_thread_blocked, id=19680, stack(0x0000008acfa00000,0x0000008acfb00000)]
  0x000001e47fead860 JavaThread "Unconstrained build operations Thread 13" [_thread_blocked, id=11400, stack(0x0000008acfb00000,0x0000008acfc00000)]
  0x000001e47feadd70 JavaThread "Unconstrained build operations Thread 14" [_thread_blocked, id=16804, stack(0x0000008acfc00000,0x0000008acfd00000)]
  0x000001e47feae280 JavaThread "WorkerExecutor Queue" [_thread_blocked, id=20904, stack(0x0000008acfd00000,0x0000008acfe00000)]
  0x000001e47fea6e10 JavaThread "WorkerExecutor Queue Thread 2" [_thread_blocked, id=14888, stack(0x0000008acfe00000,0x0000008acff00000)]
  0x000001e47feae790 JavaThread "Unconstrained build operations Thread 15" [_thread_blocked, id=9756, stack(0x0000008acff00000,0x0000008ad0000000)]
  0x000001e41c6c41d0 JavaThread "Unconstrained build operations Thread 16" [_thread_blocked, id=11684, stack(0x0000008ad0000000,0x0000008ad0100000)]
  0x000001e41c6c83a0 JavaThread "Unconstrained build operations Thread 17" [_thread_blocked, id=19808, stack(0x0000008ad0100000,0x0000008ad0200000)]
  0x000001e41c6c6030 JavaThread "Unconstrained build operations Thread 18" [_thread_blocked, id=5496, stack(0x0000008ad0200000,0x0000008ad0300000)]
  0x000001e41c6c46e0 JavaThread "Unconstrained build operations Thread 19" [_thread_blocked, id=12316, stack(0x0000008ad0300000,0x0000008ad0400000)]
  0x000001e41c6c6540 JavaThread "Unconstrained build operations Thread 20" [_thread_blocked, id=19360, stack(0x0000008ad0400000,0x0000008ad0500000)]
  0x000001e41c6c7e90 JavaThread "Unconstrained build operations Thread 21" [_thread_blocked, id=15848, stack(0x0000008ad0500000,0x0000008ad0600000)]
  0x000001e41c6c1440 JavaThread "Unconstrained build operations Thread 22" [_thread_blocked, id=20108, stack(0x0000008ad0600000,0x0000008ad0700000)]
  0x000001e41c6c1950 JavaThread "WorkerExecutor Queue Thread 3" [_thread_blocked, id=10284, stack(0x0000008ad0700000,0x0000008ad0800000)]
  0x000001e41c6c4bf0 JavaThread "pool-8-thread-1" [_thread_blocked, id=18868, stack(0x0000008ad0800000,0x0000008ad0900000)]
  0x000001e41c6c5610 JavaThread "stderr" [_thread_in_native, id=7848, stack(0x0000008ad0900000,0x0000008ad0a00000)]
  0x000001e41c6c5100 JavaThread "stdout" [_thread_in_native, id=6204, stack(0x0000008ad0a00000,0x0000008ad0b00000)]
  0x000001e417668480 JavaThread "Unconstrained build operations Thread 23" [_thread_blocked, id=11268, stack(0x0000008ad0b00000,0x0000008ad0c00000)]
  0x000001e4176698c0 JavaThread "Unconstrained build operations Thread 24" [_thread_blocked, id=2868, stack(0x0000008ad0c00000,0x0000008ad0d00000)]
  0x000001e41766a2e0 JavaThread "WorkerExecutor Queue Thread 4" [_thread_blocked, id=11652, stack(0x0000008ad0d00000,0x0000008ad0e00000)]
  0x000001e41766b210 JavaThread "RMI Scheduler(0)" daemon [_thread_blocked, id=4268, stack(0x0000008acc600000,0x0000008acc700000)]
  0x000001e417668ea0 JavaThread "RMI GC Daemon" daemon [_thread_blocked, id=16540, stack(0x0000008ad0e00000,0x0000008ad0f00000)]
  0x000001e417666620 JavaThread "RMI TCP Accept-0" daemon [_thread_in_native, id=14188, stack(0x0000008ad1000000,0x0000008ad1100000)]
  0x000001e417669dd0 JavaThread "RMI Reaper" [_thread_blocked, id=4216, stack(0x0000008ad1100000,0x0000008ad1200000)]
  0x000001e4176647c0 JavaThread "RMI TCP Connection(1)-127.0.0.1" daemon [_thread_in_native, id=10048, stack(0x0000008ad1200000,0x0000008ad1300000)]
  0x000001e417665c00 JavaThread "Unconstrained build operations Thread 25" [_thread_blocked, id=1352, stack(0x0000008ad0f00000,0x0000008ad1000000)]
  0x000001e417666110 JavaThread "Unconstrained build operations Thread 26" [_thread_blocked, id=2932, stack(0x0000008ad1300000,0x0000008ad1400000)]
  0x000001e417666b30 JavaThread "Unconstrained build operations Thread 27" [_thread_blocked, id=14920, stack(0x0000008ad1400000,0x0000008ad1500000)]
  0x000001e417667a60 JavaThread "Unconstrained build operations Thread 28" [_thread_blocked, id=16412, stack(0x0000008ad1500000,0x0000008ad1600000)]
  0x000001e417668990 JavaThread "Unconstrained build operations Thread 29" [_thread_blocked, id=19216, stack(0x0000008ad1600000,0x0000008ad1700000)]
  0x000001e41c422290 JavaThread "Unconstrained build operations Thread 30" [_thread_blocked, id=20024, stack(0x0000008ad1700000,0x0000008ad1800000)]
  0x000001e41c424600 JavaThread "Unconstrained build operations Thread 31" [_thread_blocked, id=12392, stack(0x0000008ad1800000,0x0000008ad1900000)]
  0x000001e41c4227a0 JavaThread "WorkerExecutor Queue Thread 5" [_thread_in_native, id=11792, stack(0x0000008ad1b00000,0x0000008ad1c00000)]
  0x000001e41c425530 JavaThread "WorkerExecutor Queue Thread 6" [_thread_blocked, id=4432, stack(0x0000008ad1c00000,0x0000008ad1d00000)]
  0x000001e41c423be0 JavaThread "WorkerExecutor Queue Thread 7" [_thread_in_Java, id=16524, stack(0x0000008ad1d00000,0x0000008ad1e00000)]
  0x000001e41c4236d0 JavaThread "WorkerExecutor Queue Thread 9" [_thread_in_Java, id=18764, stack(0x0000008ad1f00000,0x0000008ad2000000)]
=>0x000001e418fd5850 JavaThread "C2 CompilerThread1" daemon [_thread_in_native, id=7268, stack(0x0000008acce00000,0x0000008accf00000)]
  0x000001e4236cd5c0 JavaThread "C2 CompilerThread2" daemon [_thread_in_native, id=11848, stack(0x0000008ad1900000,0x0000008ad1a00000)]

Other Threads:
  0x000001e47f9db5f0 VMThread "VM Thread" [stack: 0x0000008acac00000,0x0000008acad00000] [id=6784]
  0x000001e478b5baf0 WatcherThread [stack: 0x0000008acb800000,0x0000008acb900000] [id=16212]
  0x000001e478bb7cf0 GCTaskThread "GC Thread#0" [stack: 0x0000008aca700000,0x0000008aca800000] [id=19384]
  0x000001e417f3c590 GCTaskThread "GC Thread#1" [stack: 0x0000008acbb00000,0x0000008acbc00000] [id=15372]
  0x000001e417f3c850 GCTaskThread "GC Thread#2" [stack: 0x0000008acbc00000,0x0000008acbd00000] [id=3524]
  0x000001e417f3acd0 GCTaskThread "GC Thread#3" [stack: 0x0000008acbd00000,0x0000008acbe00000] [id=15356]
  0x000001e417f3af90 GCTaskThread "GC Thread#4" [stack: 0x0000008acbe00000,0x0000008acbf00000] [id=11728]
  0x000001e417f3c010 GCTaskThread "GC Thread#5" [stack: 0x0000008acc700000,0x0000008acc800000] [id=12660]
  0x000001e417f3b510 GCTaskThread "GC Thread#6" [stack: 0x0000008acc800000,0x0000008acc900000] [id=3472]
  0x000001e417f3b7d0 GCTaskThread "GC Thread#7" [stack: 0x0000008acc900000,0x0000008acca00000] [id=18304]
  0x000001e478bc8c40 ConcurrentGCThread "G1 Main Marker" [stack: 0x0000008aca800000,0x0000008aca900000] [id=20452]
  0x000001e478bc9e00 ConcurrentGCThread "G1 Conc#0" [stack: 0x0000008aca900000,0x0000008acaa00000] [id=2192]
  0x000001e417f3c2d0 ConcurrentGCThread "G1 Conc#1" [stack: 0x0000008acca00000,0x0000008accb00000] [id=20820]
  0x000001e478c0dff0 ConcurrentGCThread "G1 Refine#0" [stack: 0x0000008acaa00000,0x0000008acab00000] [id=7672]
  0x000001e41b12e690 ConcurrentGCThread "G1 Refine#1" [stack: 0x0000008ace600000,0x0000008ace700000] [id=17476]
  0x000001e41b85e2c0 ConcurrentGCThread "G1 Refine#2" [stack: 0x0000008ace700000,0x0000008ace800000] [id=17900]
  0x000001e418671fc0 ConcurrentGCThread "G1 Refine#3" [stack: 0x0000008ace800000,0x0000008ace900000] [id=5576]
  0x000001e41bc86050 ConcurrentGCThread "G1 Refine#4" [stack: 0x0000008ace900000,0x0000008acea00000] [id=20548]
  0x000001e41bc87350 ConcurrentGCThread "G1 Refine#5" [stack: 0x0000008acea00000,0x0000008aceb00000] [id=9972]
  0x000001e41c4b73a0 ConcurrentGCThread "G1 Refine#6" [stack: 0x0000008aceb00000,0x0000008acec00000] [id=3108]
  0x000001e41c97e610 ConcurrentGCThread "G1 Refine#7" [stack: 0x0000008acec00000,0x0000008aced00000] [id=20856]
  0x000001e478c0ea20 ConcurrentGCThread "G1 Service" [stack: 0x0000008acab00000,0x0000008acac00000] [id=4900]

Threads with active compile tasks:
C2 CompilerThread0    91768 18776       4       com.android.tools.r8.internal.rl0::b0 (25 bytes)
C1 CompilerThread0    91768 18959       3       com.android.tools.r8.internal.Jt::a (3878 bytes)
C2 CompilerThread1    91769 18763       4       com.android.tools.r8.internal.rv::a (71 bytes)
C2 CompilerThread2    91769 18759       4       com.android.tools.r8.internal.rv::a (277 bytes)

VM state: not at safepoint (normal execution)

VM Mutex/Monitor currently owned by a thread: None

Heap address: 0x0000000080000000, size: 2048 MB, Compressed Oops mode: 32-bit

CDS archive(s) not mapped
Compressed class space mapped at: 0x0000000100000000-0x0000000140000000, reserved size: 1073741824
Narrow klass base: 0x0000000000000000, Narrow klass shift: 3, Narrow klass range: 0x140000000

GC Precious Log:
 CPUs: 8 total, 8 available
 Memory: 14222M
 Large Page Support: Disabled
 NUMA Support: Disabled
 Compressed Oops: Enabled (32-bit)
 Heap Region Size: 1M
 Heap Min Capacity: 8M
 Heap Initial Capacity: 224M
 Heap Max Capacity: 2G
 Pre-touch: Disabled
 Parallel Workers: 8
 Concurrent Workers: 2
 Concurrent Refinement Workers: 8
 Periodic GC: Disabled

Heap:
 garbage-first heap   total 286720K, used 152846K [0x0000000080000000, 0x0000000100000000)
  region size 1024K, 10 young (10240K), 4 survivors (4096K)
 Metaspace       used 138387K, committed 139392K, reserved 1179648K
  class space    used 18711K, committed 19200K, reserved 1048576K

Heap Regions: E=young(eden), S=young(survivor), O=old, HS=humongous(starts), HC=humongous(continues), CS=collection set, F=free, OA=open archive, CA=closed archive, TAMS=top-at-mark-start (previous, next)
|   0|0x0000000080000000, 0x0000000080100000, 0x0000000080100000|100%|HS|  |TAMS 0x0000000080100000, 0x0000000080000000| Complete 
|   1|0x0000000080100000, 0x0000000080200000, 0x0000000080200000|100%|HC|  |TAMS 0x0000000080200000, 0x0000000080100000| Complete 
|   2|0x0000000080200000, 0x0000000080300000, 0x0000000080300000|100%|HC|  |TAMS 0x0000000080300000, 0x0000000080200000| Complete 
|   3|0x0000000080300000, 0x0000000080400000, 0x0000000080400000|100%|HC|  |TAMS 0x0000000080400000, 0x0000000080300000| Complete 
|   4|0x0000000080400000, 0x0000000080500000, 0x0000000080500000|100%| O|  |TAMS 0x0000000080500000, 0x0000000080400000| Untracked 
|   5|0x0000000080500000, 0x0000000080600000, 0x0000000080600000|100%| O|  |TAMS 0x0000000080600000, 0x0000000080500000| Untracked 
|   6|0x0000000080600000, 0x0000000080700000, 0x0000000080700000|100%| O|  |TAMS 0x0000000080700000, 0x0000000080600000| Untracked 
|   7|0x0000000080700000, 0x0000000080800000, 0x0000000080800000|100%| O|  |TAMS 0x0000000080800000, 0x0000000080700000| Untracked 
|   8|0x0000000080800000, 0x0000000080900000, 0x0000000080900000|100%| O|  |TAMS 0x0000000080900000, 0x0000000080800000| Untracked 
|   9|0x0000000080900000, 0x0000000080a00000, 0x0000000080a00000|100%| O|  |TAMS 0x0000000080a00000, 0x0000000080900000| Untracked 
|  10|0x0000000080a00000, 0x0000000080b00000, 0x0000000080b00000|100%| O|  |TAMS 0x0000000080b00000, 0x0000000080a00000| Untracked 
|  11|0x0000000080b00000, 0x0000000080c00000, 0x0000000080c00000|100%| O|  |TAMS 0x0000000080c00000, 0x0000000080b00000| Untracked 
|  12|0x0000000080c00000, 0x0000000080d00000, 0x0000000080d00000|100%| O|  |TAMS 0x0000000080d00000, 0x0000000080c00000| Untracked 
|  13|0x0000000080d00000, 0x0000000080e00000, 0x0000000080e00000|100%| O|  |TAMS 0x0000000080e00000, 0x0000000080d00000| Untracked 
|  14|0x0000000080e00000, 0x0000000080f00000, 0x0000000080f00000|100%| O|  |TAMS 0x0000000080f00000, 0x0000000080e00000| Untracked 
|  15|0x0000000080f00000, 0x0000000081000000, 0x0000000081000000|100%| O|  |TAMS 0x0000000081000000, 0x0000000080f00000| Untracked 
|  16|0x0000000081000000, 0x0000000081100000, 0x0000000081100000|100%| O|  |TAMS 0x0000000081100000, 0x0000000081000000| Untracked 
|  17|0x0000000081100000, 0x0000000081200000, 0x0000000081200000|100%| O|  |TAMS 0x0000000081200000, 0x0000000081100000| Untracked 
|  18|0x0000000081200000, 0x0000000081300000, 0x0000000081300000|100%| O|  |TAMS 0x0000000081300000, 0x0000000081200000| Untracked 
|  19|0x0000000081300000, 0x0000000081400000, 0x0000000081400000|100%| O|  |TAMS 0x0000000081400000, 0x0000000081300000| Untracked 
|  20|0x0000000081400000, 0x0000000081500000, 0x0000000081500000|100%|HS|  |TAMS 0x0000000081500000, 0x0000000081400000| Complete 
|  21|0x0000000081500000, 0x0000000081600000, 0x0000000081600000|100%| O|  |TAMS 0x0000000081600000, 0x0000000081500000| Untracked 
|  22|0x0000000081600000, 0x0000000081700000, 0x0000000081700000|100%| O|  |TAMS 0x0000000081700000, 0x0000000081600000| Untracked 
|  23|0x0000000081700000, 0x0000000081800000, 0x0000000081800000|100%| O|  |TAMS 0x0000000081800000, 0x0000000081700000| Untracked 
|  24|0x0000000081800000, 0x0000000081900000, 0x0000000081900000|100%| O|  |TAMS 0x0000000081900000, 0x0000000081800000| Untracked 
|  25|0x0000000081900000, 0x0000000081a00000, 0x0000000081a00000|100%| O|  |TAMS 0x0000000081a00000, 0x0000000081900000| Untracked 
|  26|0x0000000081a00000, 0x0000000081b00000, 0x0000000081b00000|100%| O|  |TAMS 0x0000000081b00000, 0x0000000081a00000| Untracked 
|  27|0x0000000081b00000, 0x0000000081c00000, 0x0000000081c00000|100%| O|  |TAMS 0x0000000081c00000, 0x0000000081b00000| Untracked 
|  28|0x0000000081c00000, 0x0000000081d00000, 0x0000000081d00000|100%| O|  |TAMS 0x0000000081d00000, 0x0000000081c00000| Untracked 
|  29|0x0000000081d00000, 0x0000000081e00000, 0x0000000081e00000|100%|HS|  |TAMS 0x0000000081e00000, 0x0000000081d00000| Complete 
|  30|0x0000000081e00000, 0x0000000081f00000, 0x0000000081f00000|100%|HS|  |TAMS 0x0000000081f00000, 0x0000000081e00000| Complete 
|  31|0x0000000081f00000, 0x0000000082000000, 0x0000000082000000|100%|HC|  |TAMS 0x0000000082000000, 0x0000000081f00000| Complete 
|  32|0x0000000082000000, 0x0000000082100000, 0x0000000082100000|100%|HS|  |TAMS 0x0000000082100000, 0x0000000082000000| Complete 
|  33|0x0000000082100000, 0x0000000082200000, 0x0000000082200000|100%|HC|  |TAMS 0x0000000082200000, 0x0000000082100000| Complete 
|  34|0x0000000082200000, 0x0000000082300000, 0x0000000082300000|100%|HS|  |TAMS 0x0000000082300000, 0x0000000082200000| Complete 
|  35|0x0000000082300000, 0x0000000082400000, 0x0000000082400000|100%|HS|  |TAMS 0x0000000082400000, 0x0000000082300000| Complete 
|  36|0x0000000082400000, 0x0000000082500000, 0x0000000082500000|100%|HC|  |TAMS 0x0000000082500000, 0x0000000082400000| Complete 
|  37|0x0000000082500000, 0x0000000082600000, 0x0000000082600000|100%|HC|  |TAMS 0x0000000082600000, 0x0000000082500000| Complete 
|  38|0x0000000082600000, 0x0000000082700000, 0x0000000082700000|100%|HC|  |TAMS 0x0000000082700000, 0x0000000082600000| Complete 
|  39|0x0000000082700000, 0x0000000082800000, 0x0000000082800000|100%|HS|  |TAMS 0x0000000082800000, 0x0000000082700000| Complete 
|  40|0x0000000082800000, 0x0000000082900000, 0x0000000082900000|100%|HS|  |TAMS 0x0000000082900000, 0x0000000082800000| Complete 
|  41|0x0000000082900000, 0x0000000082a00000, 0x0000000082a00000|100%|HS|  |TAMS 0x0000000082a00000, 0x0000000082900000| Complete 
|  42|0x0000000082a00000, 0x0000000082b00000, 0x0000000082b00000|100%| O|  |TAMS 0x0000000082b00000, 0x0000000082a00000| Untracked 
|  43|0x0000000082b00000, 0x0000000082c00000, 0x0000000082c00000|100%| O|  |TAMS 0x0000000082c00000, 0x0000000082b00000| Untracked 
|  44|0x0000000082c00000, 0x0000000082d00000, 0x0000000082d00000|100%| O|  |TAMS 0x0000000082d00000, 0x0000000082c00000| Untracked 
|  45|0x0000000082d00000, 0x0000000082e00000, 0x0000000082e00000|100%| O|  |TAMS 0x0000000082e00000, 0x0000000082d00000| Untracked 
|  46|0x0000000082e00000, 0x0000000082f00000, 0x0000000082f00000|100%| O|  |TAMS 0x0000000082e00000, 0x0000000082e00000| Untracked 
|  47|0x0000000082f00000, 0x0000000083000000, 0x0000000083000000|100%| O|  |TAMS 0x0000000082f00000, 0x0000000082f00000| Untracked 
|  48|0x0000000083000000, 0x0000000083100000, 0x0000000083100000|100%| O|  |TAMS 0x0000000083100000, 0x0000000083000000| Untracked 
|  49|0x0000000083100000, 0x0000000083200000, 0x0000000083200000|100%| O|  |TAMS 0x0000000083200000, 0x0000000083100000| Untracked 
|  50|0x0000000083200000, 0x0000000083300000, 0x0000000083300000|100%| O|  |TAMS 0x0000000083300000, 0x0000000083200000| Untracked 
|  51|0x0000000083300000, 0x0000000083400000, 0x0000000083400000|100%| O|  |TAMS 0x0000000083400000, 0x0000000083300000| Untracked 
|  52|0x0000000083400000, 0x0000000083500000, 0x0000000083500000|100%| O|  |TAMS 0x0000000083500000, 0x0000000083400000| Untracked 
|  53|0x0000000083500000, 0x0000000083600000, 0x0000000083600000|100%| O|  |TAMS 0x0000000083600000, 0x0000000083500000| Untracked 
|  54|0x0000000083600000, 0x0000000083700000, 0x0000000083700000|100%|HS|  |TAMS 0x0000000083700000, 0x0000000083600000| Complete 
|  55|0x0000000083700000, 0x0000000083800000, 0x0000000083800000|100%|HC|  |TAMS 0x0000000083800000, 0x0000000083700000| Complete 
|  56|0x0000000083800000, 0x0000000083900000, 0x0000000083900000|100%|HC|  |TAMS 0x0000000083900000, 0x0000000083800000| Complete 
|  57|0x0000000083900000, 0x0000000083a00000, 0x0000000083a00000|100%|HC|  |TAMS 0x0000000083a00000, 0x0000000083900000| Complete 
|  58|0x0000000083a00000, 0x0000000083b00000, 0x0000000083b00000|100%|HS|  |TAMS 0x0000000083b00000, 0x0000000083a00000| Complete 
|  59|0x0000000083b00000, 0x0000000083c00000, 0x0000000083c00000|100%| O|  |TAMS 0x0000000083c00000, 0x0000000083b00000| Untracked 
|  60|0x0000000083c00000, 0x0000000083d00000, 0x0000000083d00000|100%| O|  |TAMS 0x0000000083d00000, 0x0000000083c00000| Untracked 
|  61|0x0000000083d00000, 0x0000000083e00000, 0x0000000083e00000|100%| O|  |TAMS 0x0000000083e00000, 0x0000000083d00000| Untracked 
|  62|0x0000000083e00000, 0x0000000083f00000, 0x0000000083f00000|100%| O|  |TAMS 0x0000000083f00000, 0x0000000083e00000| Untracked 
|  63|0x0000000083f00000, 0x0000000084000000, 0x0000000084000000|100%| O|  |TAMS 0x0000000084000000, 0x0000000083f00000| Untracked 
|  64|0x0000000084000000, 0x0000000084100000, 0x0000000084100000|100%| O|  |TAMS 0x0000000084100000, 0x0000000084000000| Untracked 
|  65|0x0000000084100000, 0x0000000084200000, 0x0000000084200000|100%| O|  |TAMS 0x0000000084200000, 0x0000000084100000| Untracked 
|  66|0x0000000084200000, 0x0000000084300000, 0x0000000084300000|100%| O|  |TAMS 0x0000000084300000, 0x0000000084200000| Untracked 
|  67|0x0000000084300000, 0x0000000084400000, 0x0000000084400000|100%| O|  |TAMS 0x0000000084400000, 0x0000000084300000| Untracked 
|  68|0x0000000084400000, 0x0000000084500000, 0x0000000084500000|100%| O|  |TAMS 0x0000000084500000, 0x0000000084400000| Untracked 
|  69|0x0000000084500000, 0x0000000084600000, 0x0000000084600000|100%| O|  |TAMS 0x0000000084600000, 0x0000000084500000| Untracked 
|  70|0x0000000084600000, 0x0000000084700000, 0x0000000084700000|100%| O|  |TAMS 0x0000000084700000, 0x0000000084600000| Untracked 
|  71|0x0000000084700000, 0x0000000084800000, 0x0000000084800000|100%| O|  |TAMS 0x0000000084800000, 0x0000000084700000| Untracked 
|  72|0x0000000084800000, 0x0000000084900000, 0x0000000084900000|100%| O|  |TAMS 0x0000000084900000, 0x0000000084800000| Untracked 
|  73|0x0000000084900000, 0x0000000084a00000, 0x0000000084a00000|100%| O|  |TAMS 0x0000000084a00000, 0x0000000084900000| Untracked 
|  74|0x0000000084a00000, 0x0000000084b00000, 0x0000000084b00000|100%| O|  |TAMS 0x0000000084b00000, 0x0000000084a00000| Untracked 
|  75|0x0000000084b00000, 0x0000000084c00000, 0x0000000084c00000|100%| O|  |TAMS 0x0000000084c00000, 0x0000000084b00000| Untracked 
|  76|0x0000000084c00000, 0x0000000084d00000, 0x0000000084d00000|100%| O|  |TAMS 0x0000000084d00000, 0x0000000084c00000| Untracked 
|  77|0x0000000084d00000, 0x0000000084e00000, 0x0000000084e00000|100%| O|  |TAMS 0x0000000084e00000, 0x0000000084d00000| Untracked 
|  78|0x0000000084e00000, 0x0000000084f00000, 0x0000000084f00000|100%| O|  |TAMS 0x0000000084f00000, 0x0000000084e00000| Untracked 
|  79|0x0000000084f00000, 0x0000000085000000, 0x0000000085000000|100%| O|  |TAMS 0x0000000085000000, 0x0000000084f00000| Untracked 
|  80|0x0000000085000000, 0x0000000085100000, 0x0000000085100000|100%| O|  |TAMS 0x0000000085100000, 0x0000000085000000| Untracked 
|  81|0x0000000085100000, 0x0000000085200000, 0x0000000085200000|100%| O|  |TAMS 0x0000000085200000, 0x0000000085100000| Untracked 
|  82|0x0000000085200000, 0x0000000085300000, 0x0000000085300000|100%| O|  |TAMS 0x0000000085300000, 0x0000000085200000| Untracked 
|  83|0x0000000085300000, 0x0000000085400000, 0x0000000085400000|100%| O|  |TAMS 0x0000000085400000, 0x0000000085300000| Untracked 
|  84|0x0000000085400000, 0x0000000085500000, 0x0000000085500000|100%| O|  |TAMS 0x0000000085500000, 0x0000000085400000| Untracked 
|  85|0x0000000085500000, 0x0000000085600000, 0x0000000085600000|100%| O|  |TAMS 0x0000000085600000, 0x0000000085500000| Untracked 
|  86|0x0000000085600000, 0x0000000085700000, 0x0000000085700000|100%| O|  |TAMS 0x0000000085681200, 0x0000000085600000| Untracked 
|  87|0x0000000085700000, 0x0000000085800000, 0x0000000085800000|100%| O|  |TAMS 0x0000000085700000, 0x0000000085700000| Untracked 
|  88|0x0000000085800000, 0x0000000085900000, 0x0000000085900000|100%| O|  |TAMS 0x0000000085800000, 0x0000000085800000| Untracked 
|  89|0x0000000085900000, 0x0000000085a00000, 0x0000000085a00000|100%| O|  |TAMS 0x0000000085900000, 0x0000000085900000| Untracked 
|  90|0x0000000085a00000, 0x0000000085b00000, 0x0000000085b00000|100%| O|  |TAMS 0x0000000085a00000, 0x0000000085a00000| Untracked 
|  91|0x0000000085b00000, 0x0000000085c00000, 0x0000000085c00000|100%| O|  |TAMS 0x0000000085b00000, 0x0000000085b00000| Untracked 
|  92|0x0000000085c00000, 0x0000000085d00000, 0x0000000085d00000|100%| O|  |TAMS 0x0000000085c00000, 0x0000000085c00000| Untracked 
|  93|0x0000000085d00000, 0x0000000085e00000, 0x0000000085e00000|100%| O|  |TAMS 0x0000000085d00000, 0x0000000085d00000| Untracked 
|  94|0x0000000085e00000, 0x0000000085f00000, 0x0000000085f00000|100%| O|  |TAMS 0x0000000085e00000, 0x0000000085e00000| Untracked 
|  95|0x0000000085f00000, 0x0000000086000000, 0x0000000086000000|100%| O|  |TAMS 0x0000000085f00000, 0x0000000085f00000| Untracked 
|  96|0x0000000086000000, 0x0000000086100000, 0x0000000086100000|100%| O|  |TAMS 0x0000000086000000, 0x0000000086000000| Untracked 
|  97|0x0000000086100000, 0x0000000086200000, 0x0000000086200000|100%| O|  |TAMS 0x0000000086100000, 0x0000000086100000| Untracked 
|  98|0x0000000086200000, 0x0000000086300000, 0x0000000086300000|100%| O|  |TAMS 0x0000000086200000, 0x0000000086200000| Untracked 
|  99|0x0000000086300000, 0x0000000086400000, 0x0000000086400000|100%| O|  |TAMS 0x0000000086300000, 0x0000000086300000| Untracked 
| 100|0x0000000086400000, 0x0000000086500000, 0x0000000086500000|100%| O|  |TAMS 0x0000000086400000, 0x0000000086400000| Untracked 
| 101|0x0000000086500000, 0x0000000086600000, 0x0000000086600000|100%| O|  |TAMS 0x0000000086500000, 0x0000000086500000| Untracked 
| 102|0x0000000086600000, 0x0000000086700000, 0x0000000086700000|100%| O|  |TAMS 0x0000000086600000, 0x0000000086600000| Untracked 
| 103|0x0000000086700000, 0x0000000086800000, 0x0000000086800000|100%| O|  |TAMS 0x0000000086700000, 0x0000000086700000| Untracked 
| 104|0x0000000086800000, 0x0000000086900000, 0x0000000086900000|100%| O|  |TAMS 0x0000000086800000, 0x0000000086800000| Untracked 
| 105|0x0000000086900000, 0x0000000086a00000, 0x0000000086a00000|100%| O|  |TAMS 0x0000000086900000, 0x0000000086900000| Untracked 
| 106|0x0000000086a00000, 0x0000000086b00000, 0x0000000086b00000|100%| O|  |TAMS 0x0000000086a00000, 0x0000000086a00000| Untracked 
| 107|0x0000000086b00000, 0x0000000086c00000, 0x0000000086c00000|100%| O|  |TAMS 0x0000000086b00000, 0x0000000086b00000| Untracked 
| 108|0x0000000086c00000, 0x0000000086d00000, 0x0000000086d00000|100%| O|  |TAMS 0x0000000086c00000, 0x0000000086c00000| Untracked 
| 109|0x0000000086d00000, 0x0000000086e00000, 0x0000000086e00000|100%| O|  |TAMS 0x0000000086d00000, 0x0000000086d00000| Untracked 
| 110|0x0000000086e00000, 0x0000000086f00000, 0x0000000086f00000|100%| O|  |TAMS 0x0000000086e00000, 0x0000000086e00000| Untracked 
| 111|0x0000000086f00000, 0x0000000087000000, 0x0000000087000000|100%| O|  |TAMS 0x0000000086f00000, 0x0000000086f00000| Untracked 
| 112|0x0000000087000000, 0x0000000087100000, 0x0000000087100000|100%| O|  |TAMS 0x0000000087000000, 0x0000000087000000| Untracked 
| 113|0x0000000087100000, 0x0000000087200000, 0x0000000087200000|100%| O|  |TAMS 0x0000000087100000, 0x0000000087100000| Untracked 
| 114|0x0000000087200000, 0x0000000087300000, 0x0000000087300000|100%| O|  |TAMS 0x0000000087200000, 0x0000000087200000| Untracked 
| 115|0x0000000087300000, 0x0000000087400000, 0x0000000087400000|100%| O|  |TAMS 0x0000000087300000, 0x0000000087300000| Untracked 
| 116|0x0000000087400000, 0x0000000087500000, 0x0000000087500000|100%| O|  |TAMS 0x0000000087400000, 0x0000000087400000| Untracked 
| 117|0x0000000087500000, 0x0000000087600000, 0x0000000087600000|100%| O|  |TAMS 0x0000000087500000, 0x0000000087500000| Untracked 
| 118|0x0000000087600000, 0x0000000087700000, 0x0000000087700000|100%| O|  |TAMS 0x0000000087600000, 0x0000000087600000| Untracked 
| 119|0x0000000087700000, 0x0000000087800000, 0x0000000087800000|100%| O|  |TAMS 0x0000000087700000, 0x0000000087700000| Untracked 
| 120|0x0000000087800000, 0x0000000087900000, 0x0000000087900000|100%| O|  |TAMS 0x0000000087800000, 0x0000000087800000| Untracked 
| 121|0x0000000087900000, 0x0000000087a00000, 0x0000000087a00000|100%| O|  |TAMS 0x0000000087900000, 0x0000000087900000| Untracked 
| 122|0x0000000087a00000, 0x0000000087b00000, 0x0000000087b00000|100%| O|  |TAMS 0x0000000087a00000, 0x0000000087a00000| Untracked 
| 123|0x0000000087b00000, 0x0000000087c00000, 0x0000000087c00000|100%| O|  |TAMS 0x0000000087b00000, 0x0000000087b00000| Untracked 
| 124|0x0000000087c00000, 0x0000000087d00000, 0x0000000087d00000|100%| O|  |TAMS 0x0000000087c00000, 0x0000000087c00000| Untracked 
| 125|0x0000000087d00000, 0x0000000087e00000, 0x0000000087e00000|100%| O|  |TAMS 0x0000000087d00000, 0x0000000087d00000| Untracked 
| 126|0x0000000087e00000, 0x0000000087f00000, 0x0000000087f00000|100%| O|  |TAMS 0x0000000087e00000, 0x0000000087e00000| Untracked 
| 127|0x0000000087f00000, 0x0000000088000000, 0x0000000088000000|100%| O|  |TAMS 0x0000000087f00000, 0x0000000087f00000| Untracked 
| 128|0x0000000088000000, 0x0000000088100000, 0x0000000088100000|100%| O|  |TAMS 0x0000000088000000, 0x0000000088000000| Untracked 
| 129|0x0000000088100000, 0x0000000088200000, 0x0000000088200000|100%| O|  |TAMS 0x0000000088100000, 0x0000000088100000| Untracked 
| 130|0x0000000088200000, 0x0000000088300000, 0x0000000088300000|100%| O|  |TAMS 0x0000000088200000, 0x0000000088200000| Untracked 
| 131|0x0000000088300000, 0x0000000088400000, 0x0000000088400000|100%| O|  |TAMS 0x0000000088300000, 0x0000000088300000| Untracked 
| 132|0x0000000088400000, 0x0000000088500000, 0x0000000088500000|100%| O|  |TAMS 0x0000000088400000, 0x0000000088400000| Untracked 
| 133|0x0000000088500000, 0x0000000088600000, 0x0000000088600000|100%| O|  |TAMS 0x0000000088500000, 0x0000000088500000| Untracked 
| 134|0x0000000088600000, 0x0000000088700000, 0x0000000088700000|100%| O|  |TAMS 0x0000000088600000, 0x0000000088600000| Untracked 
| 135|0x0000000088700000, 0x0000000088800000, 0x0000000088800000|100%| O|  |TAMS 0x0000000088700000, 0x0000000088700000| Untracked 
| 136|0x0000000088800000, 0x0000000088900000, 0x0000000088900000|100%| O|  |TAMS 0x0000000088800000, 0x0000000088800000| Untracked 
| 137|0x0000000088900000, 0x0000000088a00000, 0x0000000088a00000|100%| O|  |TAMS 0x0000000088900000, 0x0000000088900000| Untracked 
| 138|0x0000000088a00000, 0x0000000088b00000, 0x0000000088b00000|100%| O|  |TAMS 0x0000000088a00000, 0x0000000088a00000| Untracked 
| 139|0x0000000088b00000, 0x0000000088c00000, 0x0000000088c00000|100%| O|  |TAMS 0x0000000088b00000, 0x0000000088b00000| Untracked 
| 140|0x0000000088c00000, 0x0000000088c43800, 0x0000000088d00000| 26%| O|  |TAMS 0x0000000088c00000, 0x0000000088c00000| Untracked 
| 141|0x0000000088d00000, 0x0000000088d00000, 0x0000000088e00000|  0%| F|  |TAMS 0x0000000088d00000, 0x0000000088d00000| Untracked 
| 142|0x0000000088e00000, 0x0000000088e00000, 0x0000000088f00000|  0%| F|  |TAMS 0x0000000088e00000, 0x0000000088e00000| Untracked 
| 143|0x0000000088f00000, 0x0000000088f00000, 0x0000000089000000|  0%| F|  |TAMS 0x0000000088f00000, 0x0000000088f00000| Untracked 
| 144|0x0000000089000000, 0x0000000089000000, 0x0000000089100000|  0%| F|  |TAMS 0x0000000089000000, 0x0000000089000000| Untracked 
| 145|0x0000000089100000, 0x0000000089100000, 0x0000000089200000|  0%| F|  |TAMS 0x0000000089100000, 0x0000000089100000| Untracked 
| 146|0x0000000089200000, 0x0000000089200000, 0x0000000089300000|  0%| F|  |TAMS 0x0000000089200000, 0x0000000089200000| Untracked 
| 147|0x0000000089300000, 0x0000000089300000, 0x0000000089400000|  0%| F|  |TAMS 0x0000000089300000, 0x0000000089300000| Untracked 
| 148|0x0000000089400000, 0x0000000089400000, 0x0000000089500000|  0%| F|  |TAMS 0x0000000089400000, 0x0000000089400000| Untracked 
| 149|0x0000000089500000, 0x0000000089500000, 0x0000000089600000|  0%| F|  |TAMS 0x0000000089500000, 0x0000000089500000| Untracked 
| 150|0x0000000089600000, 0x0000000089600000, 0x0000000089700000|  0%| F|  |TAMS 0x0000000089600000, 0x0000000089600000| Untracked 
| 151|0x0000000089700000, 0x0000000089700000, 0x0000000089800000|  0%| F|  |TAMS 0x0000000089700000, 0x0000000089700000| Untracked 
| 152|0x0000000089800000, 0x0000000089800000, 0x0000000089900000|  0%| F|  |TAMS 0x0000000089800000, 0x0000000089800000| Untracked 
| 153|0x0000000089900000, 0x0000000089900000, 0x0000000089a00000|  0%| F|  |TAMS 0x0000000089900000, 0x0000000089900000| Untracked 
| 154|0x0000000089a00000, 0x0000000089a00000, 0x0000000089b00000|  0%| F|  |TAMS 0x0000000089a00000, 0x0000000089a00000| Untracked 
| 155|0x0000000089b00000, 0x0000000089b00000, 0x0000000089c00000|  0%| F|  |TAMS 0x0000000089b00000, 0x0000000089b00000| Untracked 
| 156|0x0000000089c00000, 0x0000000089c00000, 0x0000000089d00000|  0%| F|  |TAMS 0x0000000089c00000, 0x0000000089c00000| Untracked 
| 157|0x0000000089d00000, 0x0000000089d00000, 0x0000000089e00000|  0%| F|  |TAMS 0x0000000089d00000, 0x0000000089d00000| Untracked 
| 158|0x0000000089e00000, 0x0000000089e00000, 0x0000000089f00000|  0%| F|  |TAMS 0x0000000089e00000, 0x0000000089e00000| Untracked 
| 159|0x0000000089f00000, 0x0000000089f00000, 0x000000008a000000|  0%| F|  |TAMS 0x0000000089f00000, 0x0000000089f00000| Untracked 
| 160|0x000000008a000000, 0x000000008a000000, 0x000000008a100000|  0%| F|  |TAMS 0x000000008a000000, 0x000000008a000000| Untracked 
| 161|0x000000008a100000, 0x000000008a100000, 0x000000008a200000|  0%| F|  |TAMS 0x000000008a100000, 0x000000008a100000| Untracked 
| 162|0x000000008a200000, 0x000000008a200000, 0x000000008a300000|  0%| F|  |TAMS 0x000000008a200000, 0x000000008a200000| Untracked 
| 163|0x000000008a300000, 0x000000008a300000, 0x000000008a400000|  0%| F|  |TAMS 0x000000008a300000, 0x000000008a300000| Untracked 
| 164|0x000000008a400000, 0x000000008a400000, 0x000000008a500000|  0%| F|  |TAMS 0x000000008a400000, 0x000000008a400000| Untracked 
| 165|0x000000008a500000, 0x000000008a500000, 0x000000008a600000|  0%| F|  |TAMS 0x000000008a500000, 0x000000008a500000| Untracked 
| 166|0x000000008a600000, 0x000000008a600000, 0x000000008a700000|  0%| F|  |TAMS 0x000000008a600000, 0x000000008a600000| Untracked 
| 167|0x000000008a700000, 0x000000008a700000, 0x000000008a800000|  0%| F|  |TAMS 0x000000008a700000, 0x000000008a700000| Untracked 
| 168|0x000000008a800000, 0x000000008a800000, 0x000000008a900000|  0%| F|  |TAMS 0x000000008a800000, 0x000000008a800000| Untracked 
| 169|0x000000008a900000, 0x000000008a900000, 0x000000008aa00000|  0%| F|  |TAMS 0x000000008a900000, 0x000000008a900000| Untracked 
| 170|0x000000008aa00000, 0x000000008aa00000, 0x000000008ab00000|  0%| F|  |TAMS 0x000000008aa00000, 0x000000008aa00000| Untracked 
| 171|0x000000008ab00000, 0x000000008ab00000, 0x000000008ac00000|  0%| F|  |TAMS 0x000000008ab00000, 0x000000008ab00000| Untracked 
| 172|0x000000008ac00000, 0x000000008ac00000, 0x000000008ad00000|  0%| F|  |TAMS 0x000000008ac00000, 0x000000008ac00000| Untracked 
| 173|0x000000008ad00000, 0x000000008ad00000, 0x000000008ae00000|  0%| F|  |TAMS 0x000000008ad00000, 0x000000008ad00000| Untracked 
| 174|0x000000008ae00000, 0x000000008ae00000, 0x000000008af00000|  0%| F|  |TAMS 0x000000008ae00000, 0x000000008ae00000| Untracked 
| 175|0x000000008af00000, 0x000000008af00000, 0x000000008b000000|  0%| F|  |TAMS 0x000000008af00000, 0x000000008af00000| Untracked 
| 176|0x000000008b000000, 0x000000008b000000, 0x000000008b100000|  0%| F|  |TAMS 0x000000008b000000, 0x000000008b000000| Untracked 
| 177|0x000000008b100000, 0x000000008b100000, 0x000000008b200000|  0%| F|  |TAMS 0x000000008b100000, 0x000000008b100000| Untracked 
| 178|0x000000008b200000, 0x000000008b200000, 0x000000008b300000|  0%| F|  |TAMS 0x000000008b200000, 0x000000008b200000| Untracked 
| 179|0x000000008b300000, 0x000000008b300000, 0x000000008b400000|  0%| F|  |TAMS 0x000000008b300000, 0x000000008b300000| Untracked 
| 180|0x000000008b400000, 0x000000008b400000, 0x000000008b500000|  0%| F|  |TAMS 0x000000008b400000, 0x000000008b400000| Untracked 
| 181|0x000000008b500000, 0x000000008b500000, 0x000000008b600000|  0%| F|  |TAMS 0x000000008b500000, 0x000000008b500000| Untracked 
| 182|0x000000008b600000, 0x000000008b600000, 0x000000008b700000|  0%| F|  |TAMS 0x000000008b600000, 0x000000008b600000| Untracked 
| 183|0x000000008b700000, 0x000000008b700000, 0x000000008b800000|  0%| F|  |TAMS 0x000000008b700000, 0x000000008b700000| Untracked 
| 184|0x000000008b800000, 0x000000008b800000, 0x000000008b900000|  0%| F|  |TAMS 0x000000008b800000, 0x000000008b800000| Untracked 
| 185|0x000000008b900000, 0x000000008b900000, 0x000000008ba00000|  0%| F|  |TAMS 0x000000008b900000, 0x000000008b900000| Untracked 
| 186|0x000000008ba00000, 0x000000008ba00000, 0x000000008bb00000|  0%| F|  |TAMS 0x000000008ba00000, 0x000000008ba00000| Untracked 
| 187|0x000000008bb00000, 0x000000008bc00000, 0x000000008bc00000|100%| S|CS|TAMS 0x000000008bb00000, 0x000000008bb00000| Complete 
| 188|0x000000008bc00000, 0x000000008bd00000, 0x000000008bd00000|100%| S|CS|TAMS 0x000000008bc00000, 0x000000008bc00000| Complete 
| 189|0x000000008bd00000, 0x000000008be00000, 0x000000008be00000|100%| S|CS|TAMS 0x000000008bd00000, 0x000000008bd00000| Complete 
| 190|0x000000008be00000, 0x000000008bf00000, 0x000000008bf00000|100%| S|CS|TAMS 0x000000008be00000, 0x000000008be00000| Complete 
| 191|0x000000008bf00000, 0x000000008bf00000, 0x000000008c000000|  0%| F|  |TAMS 0x000000008bf00000, 0x000000008bf00000| Untracked 
| 192|0x000000008c000000, 0x000000008c000000, 0x000000008c100000|  0%| F|  |TAMS 0x000000008c000000, 0x000000008c000000| Untracked 
| 193|0x000000008c100000, 0x000000008c100000, 0x000000008c200000|  0%| F|  |TAMS 0x000000008c100000, 0x000000008c100000| Untracked 
| 194|0x000000008c200000, 0x000000008c200000, 0x000000008c300000|  0%| F|  |TAMS 0x000000008c200000, 0x000000008c200000| Untracked 
| 195|0x000000008c300000, 0x000000008c300000, 0x000000008c400000|  0%| F|  |TAMS 0x000000008c300000, 0x000000008c300000| Untracked 
| 196|0x000000008c400000, 0x000000008c400000, 0x000000008c500000|  0%| F|  |TAMS 0x000000008c400000, 0x000000008c400000| Untracked 
| 197|0x000000008c500000, 0x000000008c500000, 0x000000008c600000|  0%| F|  |TAMS 0x000000008c500000, 0x000000008c500000| Untracked 
| 198|0x000000008c600000, 0x000000008c600000, 0x000000008c700000|  0%| F|  |TAMS 0x000000008c600000, 0x000000008c600000| Untracked 
| 199|0x000000008c700000, 0x000000008c700000, 0x000000008c800000|  0%| F|  |TAMS 0x000000008c700000, 0x000000008c700000| Untracked 
| 200|0x000000008c800000, 0x000000008c800000, 0x000000008c900000|  0%| F|  |TAMS 0x000000008c800000, 0x000000008c800000| Untracked 
| 201|0x000000008c900000, 0x000000008c900000, 0x000000008ca00000|  0%| F|  |TAMS 0x000000008c900000, 0x000000008c900000| Untracked 
| 202|0x000000008ca00000, 0x000000008ca00000, 0x000000008cb00000|  0%| F|  |TAMS 0x000000008ca00000, 0x000000008ca00000| Untracked 
| 203|0x000000008cb00000, 0x000000008cb00000, 0x000000008cc00000|  0%| F|  |TAMS 0x000000008cb00000, 0x000000008cb00000| Untracked 
| 204|0x000000008cc00000, 0x000000008cc00000, 0x000000008cd00000|  0%| F|  |TAMS 0x000000008cc00000, 0x000000008cc00000| Untracked 
| 205|0x000000008cd00000, 0x000000008cd00000, 0x000000008ce00000|  0%| F|  |TAMS 0x000000008cd00000, 0x000000008cd00000| Untracked 
| 206|0x000000008ce00000, 0x000000008ce00000, 0x000000008cf00000|  0%| F|  |TAMS 0x000000008ce00000, 0x000000008ce00000| Untracked 
| 207|0x000000008cf00000, 0x000000008cf00000, 0x000000008d000000|  0%| F|  |TAMS 0x000000008cf00000, 0x000000008cf00000| Untracked 
| 208|0x000000008d000000, 0x000000008d000000, 0x000000008d100000|  0%| F|  |TAMS 0x000000008d000000, 0x000000008d000000| Untracked 
| 209|0x000000008d100000, 0x000000008d100000, 0x000000008d200000|  0%| F|  |TAMS 0x000000008d100000, 0x000000008d100000| Untracked 
| 210|0x000000008d200000, 0x000000008d200000, 0x000000008d300000|  0%| F|  |TAMS 0x000000008d200000, 0x000000008d200000| Untracked 
| 211|0x000000008d300000, 0x000000008d300000, 0x000000008d400000|  0%| F|  |TAMS 0x000000008d300000, 0x000000008d300000| Untracked 
| 212|0x000000008d400000, 0x000000008d400000, 0x000000008d500000|  0%| F|  |TAMS 0x000000008d400000, 0x000000008d400000| Untracked 
| 213|0x000000008d500000, 0x000000008d500000, 0x000000008d600000|  0%| F|  |TAMS 0x000000008d500000, 0x000000008d500000| Untracked 
| 214|0x000000008d600000, 0x000000008d600000, 0x000000008d700000|  0%| F|  |TAMS 0x000000008d600000, 0x000000008d600000| Untracked 
| 215|0x000000008d700000, 0x000000008d700000, 0x000000008d800000|  0%| F|  |TAMS 0x000000008d700000, 0x000000008d700000| Untracked 
| 216|0x000000008d800000, 0x000000008d800000, 0x000000008d900000|  0%| F|  |TAMS 0x000000008d800000, 0x000000008d800000| Untracked 
| 217|0x000000008d900000, 0x000000008d900000, 0x000000008da00000|  0%| F|  |TAMS 0x000000008d900000, 0x000000008d900000| Untracked 
| 218|0x000000008da00000, 0x000000008da00000, 0x000000008db00000|  0%| F|  |TAMS 0x000000008da00000, 0x000000008da00000| Untracked 
| 219|0x000000008db00000, 0x000000008db00000, 0x000000008dc00000|  0%| F|  |TAMS 0x000000008db00000, 0x000000008db00000| Untracked 
| 220|0x000000008dc00000, 0x000000008dc00000, 0x000000008dd00000|  0%| F|  |TAMS 0x000000008dc00000, 0x000000008dc00000| Untracked 
| 221|0x000000008dd00000, 0x000000008dd00000, 0x000000008de00000|  0%| F|  |TAMS 0x000000008dd00000, 0x000000008dd00000| Untracked 
| 222|0x000000008de00000, 0x000000008de00000, 0x000000008df00000|  0%| F|  |TAMS 0x000000008de00000, 0x000000008de00000| Untracked 
| 223|0x000000008df00000, 0x000000008df00000, 0x000000008e000000|  0%| F|  |TAMS 0x000000008df00000, 0x000000008df00000| Untracked 
| 224|0x000000008e000000, 0x000000008e000000, 0x000000008e100000|  0%| F|  |TAMS 0x000000008e000000, 0x000000008e000000| Untracked 
| 225|0x000000008e100000, 0x000000008e100000, 0x000000008e200000|  0%| F|  |TAMS 0x000000008e100000, 0x000000008e100000| Untracked 
| 226|0x000000008e200000, 0x000000008e200000, 0x000000008e300000|  0%| F|  |TAMS 0x000000008e200000, 0x000000008e200000| Untracked 
| 227|0x000000008e300000, 0x000000008e300000, 0x000000008e400000|  0%| F|  |TAMS 0x000000008e300000, 0x000000008e300000| Untracked 
| 228|0x000000008e400000, 0x000000008e400000, 0x000000008e500000|  0%| F|  |TAMS 0x000000008e400000, 0x000000008e400000| Untracked 
| 229|0x000000008e500000, 0x000000008e500000, 0x000000008e600000|  0%| F|  |TAMS 0x000000008e500000, 0x000000008e500000| Untracked 
| 230|0x000000008e600000, 0x000000008e600000, 0x000000008e700000|  0%| F|  |TAMS 0x000000008e600000, 0x000000008e600000| Untracked 
| 231|0x000000008e700000, 0x000000008e700000, 0x000000008e800000|  0%| F|  |TAMS 0x000000008e700000, 0x000000008e700000| Untracked 
| 232|0x000000008e800000, 0x000000008e800000, 0x000000008e900000|  0%| F|  |TAMS 0x000000008e800000, 0x000000008e800000| Untracked 
| 233|0x000000008e900000, 0x000000008e900000, 0x000000008ea00000|  0%| F|  |TAMS 0x000000008e900000, 0x000000008e900000| Untracked 
| 234|0x000000008ea00000, 0x000000008ea00000, 0x000000008eb00000|  0%| F|  |TAMS 0x000000008ea00000, 0x000000008ea00000| Untracked 
| 235|0x000000008eb00000, 0x000000008eb00000, 0x000000008ec00000|  0%| F|  |TAMS 0x000000008eb00000, 0x000000008eb00000| Untracked 
| 236|0x000000008ec00000, 0x000000008ec00000, 0x000000008ed00000|  0%| F|  |TAMS 0x000000008ec00000, 0x000000008ec00000| Untracked 
| 237|0x000000008ed00000, 0x000000008ed00000, 0x000000008ee00000|  0%| F|  |TAMS 0x000000008ed00000, 0x000000008ed00000| Untracked 
| 238|0x000000008ee00000, 0x000000008ee00000, 0x000000008ef00000|  0%| F|  |TAMS 0x000000008ee00000, 0x000000008ee00000| Untracked 
| 239|0x000000008ef00000, 0x000000008ef00000, 0x000000008f000000|  0%| F|  |TAMS 0x000000008ef00000, 0x000000008ef00000| Untracked 
| 240|0x000000008f000000, 0x000000008f000000, 0x000000008f100000|  0%| F|  |TAMS 0x000000008f000000, 0x000000008f000000| Untracked 
| 241|0x000000008f100000, 0x000000008f100000, 0x000000008f200000|  0%| F|  |TAMS 0x000000008f100000, 0x000000008f100000| Untracked 
| 242|0x000000008f200000, 0x000000008f200000, 0x000000008f300000|  0%| F|  |TAMS 0x000000008f200000, 0x000000008f200000| Untracked 
| 243|0x000000008f300000, 0x000000008f300000, 0x000000008f400000|  0%| F|  |TAMS 0x000000008f300000, 0x000000008f300000| Untracked 
| 244|0x000000008f400000, 0x000000008f400000, 0x000000008f500000|  0%| F|  |TAMS 0x000000008f400000, 0x000000008f400000| Untracked 
| 245|0x000000008f500000, 0x000000008f500000, 0x000000008f600000|  0%| F|  |TAMS 0x000000008f500000, 0x000000008f500000| Untracked 
| 246|0x000000008f600000, 0x000000008f600000, 0x000000008f700000|  0%| F|  |TAMS 0x000000008f600000, 0x000000008f600000| Untracked 
| 247|0x000000008f700000, 0x000000008f700000, 0x000000008f800000|  0%| F|  |TAMS 0x000000008f700000, 0x000000008f700000| Untracked 
| 248|0x000000008f800000, 0x000000008f800000, 0x000000008f900000|  0%| F|  |TAMS 0x000000008f800000, 0x000000008f800000| Untracked 
| 249|0x000000008f900000, 0x000000008f900000, 0x000000008fa00000|  0%| F|  |TAMS 0x000000008f900000, 0x000000008f900000| Untracked 
| 250|0x000000008fa00000, 0x000000008fa00000, 0x000000008fb00000|  0%| F|  |TAMS 0x000000008fa00000, 0x000000008fa00000| Untracked 
| 251|0x000000008fb00000, 0x000000008fb00000, 0x000000008fc00000|  0%| F|  |TAMS 0x000000008fb00000, 0x000000008fb00000| Untracked 
| 252|0x000000008fc00000, 0x000000008fc00000, 0x000000008fd00000|  0%| F|  |TAMS 0x000000008fc00000, 0x000000008fc00000| Untracked 
| 253|0x000000008fd00000, 0x000000008fd00000, 0x000000008fe00000|  0%| F|  |TAMS 0x000000008fd00000, 0x000000008fd00000| Untracked 
| 254|0x000000008fe00000, 0x000000008fe00000, 0x000000008ff00000|  0%| F|  |TAMS 0x000000008fe00000, 0x000000008fe00000| Untracked 
| 255|0x000000008ff00000, 0x000000008ff00000, 0x0000000090000000|  0%| F|  |TAMS 0x000000008ff00000, 0x000000008ff00000| Untracked 
| 256|0x0000000090000000, 0x0000000090000000, 0x0000000090100000|  0%| F|  |TAMS 0x0000000090000000, 0x0000000090000000| Untracked 
| 257|0x0000000090100000, 0x0000000090100000, 0x0000000090200000|  0%| F|  |TAMS 0x0000000090100000, 0x0000000090100000| Untracked 
| 258|0x0000000090200000, 0x0000000090200000, 0x0000000090300000|  0%| F|  |TAMS 0x0000000090200000, 0x0000000090200000| Untracked 
| 259|0x0000000090300000, 0x0000000090300000, 0x0000000090400000|  0%| F|  |TAMS 0x0000000090300000, 0x0000000090300000| Untracked 
| 260|0x0000000090400000, 0x0000000090400000, 0x0000000090500000|  0%| F|  |TAMS 0x0000000090400000, 0x0000000090400000| Untracked 
| 261|0x0000000090500000, 0x0000000090500000, 0x0000000090600000|  0%| F|  |TAMS 0x0000000090500000, 0x0000000090500000| Untracked 
| 262|0x0000000090600000, 0x0000000090600000, 0x0000000090700000|  0%| F|  |TAMS 0x0000000090600000, 0x0000000090600000| Untracked 
| 263|0x0000000090700000, 0x0000000090700000, 0x0000000090800000|  0%| F|  |TAMS 0x0000000090700000, 0x0000000090700000| Untracked 
| 264|0x0000000090800000, 0x0000000090800000, 0x0000000090900000|  0%| F|  |TAMS 0x0000000090800000, 0x0000000090800000| Untracked 
| 265|0x0000000090900000, 0x0000000090900000, 0x0000000090a00000|  0%| F|  |TAMS 0x0000000090900000, 0x0000000090900000| Untracked 
| 266|0x0000000090a00000, 0x0000000090a00000, 0x0000000090b00000|  0%| F|  |TAMS 0x0000000090a00000, 0x0000000090a00000| Untracked 
| 267|0x0000000090b00000, 0x0000000090b00000, 0x0000000090c00000|  0%| F|  |TAMS 0x0000000090b00000, 0x0000000090b00000| Untracked 
| 268|0x0000000090c00000, 0x0000000090c00000, 0x0000000090d00000|  0%| F|  |TAMS 0x0000000090c00000, 0x0000000090c00000| Untracked 
| 269|0x0000000090d00000, 0x0000000090d00000, 0x0000000090e00000|  0%| F|  |TAMS 0x0000000090d00000, 0x0000000090d00000| Untracked 
| 270|0x0000000090e00000, 0x0000000090e00000, 0x0000000090f00000|  0%| F|  |TAMS 0x0000000090e00000, 0x0000000090e00000| Untracked 
| 271|0x0000000090f00000, 0x0000000090f00000, 0x0000000091000000|  0%| F|  |TAMS 0x0000000090f00000, 0x0000000090f00000| Untracked 
| 272|0x0000000091000000, 0x00000000910b5368, 0x0000000091100000| 70%| E|  |TAMS 0x0000000091000000, 0x0000000091000000| Complete 
| 273|0x0000000091100000, 0x0000000091200000, 0x0000000091200000|100%| E|CS|TAMS 0x0000000091100000, 0x0000000091100000| Complete 
| 274|0x0000000091200000, 0x0000000091300000, 0x0000000091300000|100%| E|CS|TAMS 0x0000000091200000, 0x0000000091200000| Complete 
| 275|0x0000000091300000, 0x0000000091400000, 0x0000000091400000|100%| E|CS|TAMS 0x0000000091300000, 0x0000000091300000| Complete 
| 276|0x0000000091400000, 0x0000000091500000, 0x0000000091500000|100%| E|CS|TAMS 0x0000000091400000, 0x0000000091400000| Complete 
| 277|0x0000000091500000, 0x0000000091600000, 0x0000000091600000|100%| E|CS|TAMS 0x0000000091500000, 0x0000000091500000| Complete 
| 278|0x0000000091600000, 0x0000000091700000, 0x0000000091700000|100%| E|CS|TAMS 0x0000000091600000, 0x0000000091600000| Complete 
| 279|0x0000000091700000, 0x0000000091800000, 0x0000000091800000|100%| E|CS|TAMS 0x0000000091700000, 0x0000000091700000| Complete 

Card table byte_map: [0x000001e47c760000,0x000001e47cb60000] _byte_map_base: 0x000001e47c360000

Marking Bits (Prev, Next): (CMBitMap*) 0x000001e478bb8310, (CMBitMap*) 0x000001e478bb8350
 Prev Bits: [0x000001e47cf60000, 0x000001e47ef60000)
 Next Bits: [0x000001e40f000000, 0x000001e411000000)

Polling page: 0x000001e476ac0000

Metaspace:

Usage:
  Non-class:    116.89 MB used.
      Class:     18.28 MB used.
       Both:    135.17 MB used.

Virtual space:
  Non-class space:      128.00 MB reserved,     117.38 MB ( 92%) committed,  2 nodes.
      Class space:        1.00 GB reserved,      18.75 MB (  2%) committed,  1 nodes.
             Both:        1.12 GB reserved,     136.12 MB ( 12%) committed. 

Chunk freelists:
   Non-Class:  10.17 MB
       Class:  13.09 MB
        Both:  23.27 MB

MaxMetaspaceSize: unlimited
CompressedClassSpaceSize: 1.00 GB
Initial GC threshold: 21.00 MB
Current GC threshold: 150.88 MB
CDS: off
MetaspaceReclaimPolicy: balanced
 - commit_granule_bytes: 65536.
 - commit_granule_words: 8192.
 - virtual_space_node_default_size: 8388608.
 - enlarge_chunks_in_place: 1.
 - new_chunks_are_fully_committed: 0.
 - uncommit_free_chunks: 1.
 - use_allocation_guard: 0.
 - handle_deallocations: 1.


Internal statistics:

num_allocs_failed_limit: 9.
num_arena_births: 1708.
num_arena_deaths: 0.
num_vsnodes_births: 3.
num_vsnodes_deaths: 0.
num_space_committed: 2176.
num_space_uncommitted: 0.
num_chunks_returned_to_freelist: 9.
num_chunks_taken_from_freelist: 7244.
num_chunk_merges: 9.
num_chunk_splits: 4741.
num_chunks_enlarged: 3090.
num_inconsistent_stats: 0.

CodeHeap 'non-profiled nmethods': size=120000Kb used=9973Kb max_used=9973Kb free=110026Kb
 bounds [0x000001e407ad0000, 0x000001e408490000, 0x000001e40f000000]
CodeHeap 'profiled nmethods': size=120000Kb used=30665Kb max_used=30665Kb free=89334Kb
 bounds [0x000001e400000000, 0x000001e401e00000, 0x000001e407530000]
CodeHeap 'non-nmethods': size=5760Kb used=1782Kb max_used=1822Kb free=3978Kb
 bounds [0x000001e407530000, 0x000001e4077a0000, 0x000001e407ad0000]
 total_blobs=16457 nmethods=15568 adapters=800
 compilation: enabled
              stopped_count=0, restarted_count=0
 full_count=0

Compilation events (20 events):
Event: 91.698 Thread 0x000001e47fbb4070 18868       3       com.android.tools.r8.ir.regalloc.k::a (137 bytes)
Event: 91.699 Thread 0x000001e47fbb4070 nmethod 18868 0x000001e401dda590 code [0x000001e401dda7c0, 0x000001e401ddadc8]
Event: 91.699 Thread 0x000001e47fbb4070 18869       3       com.android.tools.r8.ir.regalloc.c::b (14 bytes)
Event: 91.699 Thread 0x000001e47fbb4070 nmethod 18869 0x000001e401ddb010 code [0x000001e401ddb1c0, 0x000001e401ddb4e8]
Event: 91.699 Thread 0x000001e47fbb4070 18870       3       com.android.tools.r8.ir.regalloc.l::<init> (25 bytes)
Event: 91.700 Thread 0x000001e47fbb4070 nmethod 18870 0x000001e401ddb610 code [0x000001e401ddb7c0, 0x000001e401ddbae8]
Event: 91.700 Thread 0x000001e47fbb4070 18871       3       com.android.tools.r8.ir.regalloc.b$$Lambda$2929/0x00000001012c3278::<init> (10 bytes)
Event: 91.700 Thread 0x000001e47fbb4070 nmethod 18871 0x000001e401ddbc10 code [0x000001e401ddbda0, 0x000001e401ddbf58]
Event: 91.700 Thread 0x000001e47fbb4070 18872       3       com.android.tools.r8.ir.regalloc.b$$Lambda$2931/0x00000001012c3768::<init> (10 bytes)
Event: 91.701 Thread 0x000001e47fbb4070 nmethod 18872 0x000001e401ddc010 code [0x000001e401ddc1a0, 0x000001e401ddc358]
Event: 91.701 Thread 0x000001e47fbb4070 18873       3       com.android.tools.r8.ir.regalloc.b$$Lambda$2929/0x00000001012c3278::test (12 bytes)
Event: 91.701 Thread 0x000001e47fbb4070 nmethod 18873 0x000001e401ddc410 code [0x000001e401ddc5c0, 0x000001e401ddc7e8]
Event: 91.701 Thread 0x000001e47fbb4070 18874       3       com.android.tools.r8.ir.regalloc.b::c (158 bytes)
Event: 91.702 Thread 0x000001e47fbb4070 nmethod 18874 0x000001e401ddc910 code [0x000001e401ddcb60, 0x000001e401ddd598]
Event: 91.703 Thread 0x000001e47fbb4070 18879       3       com.android.tools.r8.internal.Ut::c (96 bytes)
Event: 91.703 Thread 0x000001e47fbb4070 nmethod 18879 0x000001e401ddd910 code [0x000001e401dddaa0, 0x000001e401dddc98]
Event: 91.706 Thread 0x000001e47fbb4070 18880       3       java.util.regex.Matcher::find (35 bytes)
Event: 91.706 Thread 0x000001e47fbb4070 nmethod 18880 0x000001e401dddd90 code [0x000001e401dddf80, 0x000001e401dde378]
Event: 91.709 Thread 0x000001e47fbb4070 18881       3       com.android.tools.r8.graph.G0::<init> (83 bytes)
Event: 91.709 Thread 0x000001e47fbb4070 nmethod 18881 0x000001e401dde510 code [0x000001e401dde6c0, 0x000001e401dde918]

GC Heap History (20 events):
Event: 20.043 GC heap before
{Heap before GC invocations=32 (full 0):
 garbage-first heap   total 162816K, used 141127K [0x0000000080000000, 0x0000000100000000)
  region size 1024K, 45 young (46080K), 3 survivors (3072K)
 Metaspace       used 102517K, committed 103296K, reserved 1179648K
  class space    used 14055K, committed 14400K, reserved 1048576K
}
Event: 20.051 GC heap after
{Heap after GC invocations=33 (full 0):
 garbage-first heap   total 162816K, used 98983K [0x0000000080000000, 0x0000000100000000)
  region size 1024K, 6 young (6144K), 6 survivors (6144K)
 Metaspace       used 102517K, committed 103296K, reserved 1179648K
  class space    used 14055K, committed 14400K, reserved 1048576K
}
Event: 20.780 GC heap before
{Heap before GC invocations=33 (full 0):
 garbage-first heap   total 162816K, used 135847K [0x0000000080000000, 0x0000000100000000)
  region size 1024K, 43 young (44032K), 6 survivors (6144K)
 Metaspace       used 104325K, committed 105024K, reserved 1179648K
  class space    used 14345K, committed 14656K, reserved 1048576K
}
Event: 20.793 GC heap after
{Heap after GC invocations=34 (full 0):
 garbage-first heap   total 162816K, used 104052K [0x0000000080000000, 0x0000000100000000)
  region size 1024K, 5 young (5120K), 5 survivors (5120K)
 Metaspace       used 104325K, committed 105024K, reserved 1179648K
  class space    used 14345K, committed 14656K, reserved 1048576K
}
Event: 21.170 GC heap before
{Heap before GC invocations=34 (full 0):
 garbage-first heap   total 162816K, used 135796K [0x0000000080000000, 0x0000000100000000)
  region size 1024K, 36 young (36864K), 5 survivors (5120K)
 Metaspace       used 104690K, committed 105408K, reserved 1179648K
  class space    used 14414K, committed 14784K, reserved 1048576K
}
Event: 21.177 GC heap after
{Heap after GC invocations=35 (full 0):
 garbage-first heap   total 286720K, used 105692K [0x0000000080000000, 0x0000000100000000)
  region size 1024K, 4 young (4096K), 4 survivors (4096K)
 Metaspace       used 104690K, committed 105408K, reserved 1179648K
  class space    used 14414K, committed 14784K, reserved 1048576K
}
Event: 23.642 GC heap before
{Heap before GC invocations=35 (full 0):
 garbage-first heap   total 286720K, used 254172K [0x0000000080000000, 0x0000000100000000)
  region size 1024K, 131 young (134144K), 4 survivors (4096K)
 Metaspace       used 110051K, committed 110848K, reserved 1179648K
  class space    used 15029K, committed 15424K, reserved 1048576K
}
Event: 23.651 GC heap after
{Heap after GC invocations=36 (full 0):
 garbage-first heap   total 286720K, used 108591K [0x0000000080000000, 0x0000000100000000)
  region size 1024K, 7 young (7168K), 7 survivors (7168K)
 Metaspace       used 110051K, committed 110848K, reserved 1179648K
  class space    used 15029K, committed 15424K, reserved 1048576K
}
Event: 27.824 GC heap before
{Heap before GC invocations=36 (full 0):
 garbage-first heap   total 286720K, used 235567K [0x0000000080000000, 0x0000000100000000)
  region size 1024K, 132 young (135168K), 7 survivors (7168K)
 Metaspace       used 111714K, committed 112512K, reserved 1179648K
  class space    used 15212K, committed 15616K, reserved 1048576K
}
Event: 27.839 GC heap after
{Heap after GC invocations=37 (full 0):
 garbage-first heap   total 286720K, used 116203K [0x0000000080000000, 0x0000000100000000)
  region size 1024K, 15 young (15360K), 15 survivors (15360K)
 Metaspace       used 111714K, committed 112512K, reserved 1179648K
  class space    used 15212K, committed 15616K, reserved 1048576K
}
Event: 30.465 GC heap before
{Heap before GC invocations=37 (full 0):
 garbage-first heap   total 286720K, used 232939K [0x0000000080000000, 0x0000000100000000)
  region size 1024K, 130 young (133120K), 15 survivors (15360K)
 Metaspace       used 115388K, committed 116160K, reserved 1179648K
  class space    used 15637K, committed 16000K, reserved 1048576K
}
Event: 30.480 GC heap after
{Heap after GC invocations=38 (full 0):
 garbage-first heap   total 286720K, used 120638K [0x0000000080000000, 0x0000000100000000)
  region size 1024K, 7 young (7168K), 7 survivors (7168K)
 Metaspace       used 115388K, committed 116160K, reserved 1179648K
  class space    used 15637K, committed 16000K, reserved 1048576K
}
Event: 77.787 GC heap before
{Heap before GC invocations=38 (full 0):
 garbage-first heap   total 286720K, used 234302K [0x0000000080000000, 0x0000000100000000)
  region size 1024K, 119 young (121856K), 7 survivors (7168K)
 Metaspace       used 122561K, committed 123392K, reserved 1179648K
  class space    used 16411K, committed 16832K, reserved 1048576K
}
Event: 77.799 GC heap after
{Heap after GC invocations=39 (full 0):
 garbage-first heap   total 286720K, used 125912K [0x0000000080000000, 0x0000000100000000)
  region size 1024K, 12 young (12288K), 12 survivors (12288K)
 Metaspace       used 122561K, committed 123392K, reserved 1179648K
  class space    used 16411K, committed 16832K, reserved 1048576K
}
Event: 82.461 GC heap before
{Heap before GC invocations=39 (full 0):
 garbage-first heap   total 286720K, used 255960K [0x0000000080000000, 0x0000000100000000)
  region size 1024K, 121 young (123904K), 12 survivors (12288K)
 Metaspace       used 123042K, committed 123904K, reserved 1179648K
  class space    used 16421K, committed 16832K, reserved 1048576K
}
Event: 82.481 GC heap after
{Heap after GC invocations=40 (full 0):
 garbage-first heap   total 286720K, used 135729K [0x0000000080000000, 0x0000000100000000)
  region size 1024K, 16 young (16384K), 16 survivors (16384K)
 Metaspace       used 123042K, committed 123904K, reserved 1179648K
  class space    used 16421K, committed 16832K, reserved 1048576K
}
Event: 88.928 GC heap before
{Heap before GC invocations=40 (full 0):
 garbage-first heap   total 286720K, used 237105K [0x0000000080000000, 0x0000000100000000)
  region size 1024K, 114 young (116736K), 16 survivors (16384K)
 Metaspace       used 129481K, committed 130432K, reserved 1179648K
  class space    used 17350K, committed 17856K, reserved 1048576K
}
Event: 88.953 GC heap after
{Heap after GC invocations=41 (full 0):
 garbage-first heap   total 286720K, used 143850K [0x0000000080000000, 0x0000000100000000)
  region size 1024K, 11 young (11264K), 11 survivors (11264K)
 Metaspace       used 129481K, committed 130432K, reserved 1179648K
  class space    used 17350K, committed 17856K, reserved 1048576K
}
Event: 91.529 GC heap before
{Heap before GC invocations=41 (full 0):
 garbage-first heap   total 286720K, used 233962K [0x0000000080000000, 0x0000000100000000)
  region size 1024K, 100 young (102400K), 11 survivors (11264K)
 Metaspace       used 138023K, committed 138944K, reserved 1179648K
  class space    used 18677K, committed 19136K, reserved 1048576K
}
Event: 91.546 GC heap after
{Heap after GC invocations=42 (full 0):
 garbage-first heap   total 286720K, used 147726K [0x0000000080000000, 0x0000000100000000)
  region size 1024K, 4 young (4096K), 4 survivors (4096K)
 Metaspace       used 138023K, committed 138944K, reserved 1179648K
  class space    used 18677K, committed 19136K, reserved 1048576K
}

Dll operation events (3 events):
Event: 0.015 Loaded shared library C:\Program Files\Android\Android Studio\jbr\bin\java.dll
Event: 0.171 Loaded shared library C:\Program Files\Android\Android Studio\jbr\bin\zip.dll
Event: 0.486 Loaded shared library C:\Program Files\Android\Android Studio\jbr\bin\verify.dll

Deoptimization events (20 events):
Event: 90.930 Thread 0x000001e41c425530 Uncommon trap: trap_request=0xffffffde fr.pc=0x000001e408298b00 relative=0x0000000000003040
Event: 90.930 Thread 0x000001e41c425530 Uncommon trap: reason=class_check action=maybe_recompile pc=0x000001e408298b00 method=com.android.tools.r8.internal.Ca.a(Lcom/android/tools/r8/internal/Jt;IZ)V @ 234 c2
Event: 90.930 Thread 0x000001e41c425530 DEOPT PACKING pc=0x000001e408298b00 sp=0x0000008ad1cfca90
Event: 90.930 Thread 0x000001e41c425530 DEOPT UNPACKING pc=0x000001e4075869a3 sp=0x0000008ad1cfca68 mode 2
Event: 90.964 Thread 0x000001e41c4227a0 Uncommon trap: trap_request=0xffffffde fr.pc=0x000001e408298b00 relative=0x0000000000003040
Event: 90.964 Thread 0x000001e41c4227a0 Uncommon trap: reason=class_check action=maybe_recompile pc=0x000001e408298b00 method=com.android.tools.r8.internal.Ca.a(Lcom/android/tools/r8/internal/Jt;IZ)V @ 234 c2
Event: 90.964 Thread 0x000001e41c4227a0 DEOPT PACKING pc=0x000001e408298b00 sp=0x0000008ad1bfc470
Event: 90.964 Thread 0x000001e41c4227a0 DEOPT UNPACKING pc=0x000001e4075869a3 sp=0x0000008ad1bfc448 mode 2
Event: 91.012 Thread 0x000001e41c4227a0 Uncommon trap: trap_request=0xffffffde fr.pc=0x000001e408298b00 relative=0x0000000000003040
Event: 91.012 Thread 0x000001e41c4227a0 Uncommon trap: reason=class_check action=maybe_recompile pc=0x000001e408298b00 method=com.android.tools.r8.internal.Ca.a(Lcom/android/tools/r8/internal/Jt;IZ)V @ 234 c2
Event: 91.012 Thread 0x000001e41c4227a0 DEOPT PACKING pc=0x000001e408298b00 sp=0x0000008ad1bfc470
Event: 91.012 Thread 0x000001e41c4227a0 DEOPT UNPACKING pc=0x000001e4075869a3 sp=0x0000008ad1bfc448 mode 2
Event: 91.356 Thread 0x000001e41c4227a0 Uncommon trap: trap_request=0xffffffde fr.pc=0x000001e4084592c0 relative=0x0000000000000460
Event: 91.356 Thread 0x000001e41c4227a0 Uncommon trap: reason=class_check action=maybe_recompile pc=0x000001e4084592c0 method=com.android.tools.r8.internal.KC.hasNext()Z @ 27 c2
Event: 91.356 Thread 0x000001e41c4227a0 DEOPT PACKING pc=0x000001e4084592c0 sp=0x0000008ad1bfd550
Event: 91.356 Thread 0x000001e41c4227a0 DEOPT UNPACKING pc=0x000001e4075869a3 sp=0x0000008ad1bfd510 mode 2
Event: 91.357 Thread 0x000001e41c425530 Uncommon trap: trap_request=0xffffffde fr.pc=0x000001e4084592c0 relative=0x0000000000000460
Event: 91.357 Thread 0x000001e41c425530 Uncommon trap: reason=class_check action=maybe_recompile pc=0x000001e4084592c0 method=com.android.tools.r8.internal.KC.hasNext()Z @ 27 c2
Event: 91.357 Thread 0x000001e41c425530 DEOPT PACKING pc=0x000001e4084592c0 sp=0x0000008ad1cfdbb0
Event: 91.358 Thread 0x000001e41c425530 DEOPT UNPACKING pc=0x000001e4075869a3 sp=0x0000008ad1cfdb70 mode 2

Classes unloaded (0 events):
No events

Classes redefined (0 events):
No events

Internal exceptions (20 events):
Event: 90.244 Thread 0x000001e41c423be0 Exception <a 'java/lang/IncompatibleClassChangeError'{0x000000008ed5af88}: Found class java.lang.Object, but interface was expected> (0x000000008ed5af88) 
thrown [s\src\hotspot\share\interpreter\linkResolver.cpp, line 838]
Event: 90.246 Thread 0x000001e41c423be0 Exception <a 'java/lang/IncompatibleClassChangeError'{0x000000008ed5f7a8}: Found class java.lang.Object, but interface was expected> (0x000000008ed5f7a8) 
thrown [s\src\hotspot\share\interpreter\linkResolver.cpp, line 838]
Event: 90.246 Thread 0x000001e41c425530 Exception <a 'java/lang/IncompatibleClassChangeError'{0x000000008ed3de78}: Found class java.lang.Object, but interface was expected> (0x000000008ed3de78) 
thrown [s\src\hotspot\share\interpreter\linkResolver.cpp, line 838]
Event: 90.246 Thread 0x000001e41c4236d0 Exception <a 'java/lang/IncompatibleClassChangeError'{0x000000008eda07b8}: Found class java.lang.Object, but interface was expected> (0x000000008eda07b8) 
thrown [s\src\hotspot\share\interpreter\linkResolver.cpp, line 838]
Event: 90.246 Thread 0x000001e41c4227a0 Exception <a 'java/lang/IncompatibleClassChangeError'{0x000000008ed7afd8}: Found class java.lang.Object, but interface was expected> (0x000000008ed7afd8) 
thrown [s\src\hotspot\share\interpreter\linkResolver.cpp, line 838]
Event: 90.410 Thread 0x000001e41c4236d0 Exception <a 'java/lang/NoSuchMethodError'{0x000000008e7ee590}: 'void java.lang.invoke.DirectMethodHandle$Holder.invokeSpecial(java.lang.Object, java.lang.Object, int, java.lang.Object)'> (0x000000008e7ee590) 
thrown [s\src\hotspot\share\interpreter\linkResolver.cpp, line 771]
Event: 90.411 Thread 0x000001e41c425530 Exception <a 'java/lang/NoSuchMethodError'{0x000000008e8126b0}: 'void java.lang.invoke.DirectMethodHandle$Holder.invokeSpecial(java.lang.Object, java.lang.Object, int, java.lang.Object)'> (0x000000008e8126b0) 
thrown [s\src\hotspot\share\interpreter\linkResolver.cpp, line 771]
Event: 90.411 Thread 0x000001e41c4227a0 Exception <a 'java/lang/NoSuchMethodError'{0x000000008e9c4118}: 'void java.lang.invoke.DirectMethodHandle$Holder.invokeSpecial(java.lang.Object, java.lang.Object, int, java.lang.Object)'> (0x000000008e9c4118) 
thrown [s\src\hotspot\share\interpreter\linkResolver.cpp, line 771]
Event: 90.597 Thread 0x000001e41c425530 Exception <a 'java/lang/NoSuchMethodError'{0x000000008dc2c090}: 'int java.lang.invoke.DirectMethodHandle$Holder.invokeSpecial(java.lang.Object, java.lang.Object, java.lang.Object, int, java.lang.Object)'> (0x000000008dc2c090) 
thrown [s\src\hotspot\share\interpreter\linkResolver.cpp, line 771]
Event: 90.597 Thread 0x000001e41c4236d0 Exception <a 'java/lang/NoSuchMethodError'{0x000000008dc594f8}: 'int java.lang.invoke.DirectMethodHandle$Holder.invokeSpecial(java.lang.Object, java.lang.Object, java.lang.Object, int, java.lang.Object)'> (0x000000008dc594f8) 
thrown [s\src\hotspot\share\interpreter\linkResolver.cpp, line 771]
Event: 90.597 Thread 0x000001e41c4227a0 Exception <a 'java/lang/NoSuchMethodError'{0x000000008dc9e760}: 'int java.lang.invoke.DirectMethodHandle$Holder.invokeSpecial(java.lang.Object, java.lang.Object, java.lang.Object, int, java.lang.Object)'> (0x000000008dc9e760) 
thrown [s\src\hotspot\share\interpreter\linkResolver.cpp, line 771]
Event: 90.636 Thread 0x000001e41c4236d0 Implicit null exception at 0x000001e407f34330 to 0x000001e407f34388
Event: 90.636 Thread 0x000001e41c425530 Implicit null exception at 0x000001e407f34330 to 0x000001e407f34388
Event: 90.880 Thread 0x000001e41c425530 Exception <a 'java/lang/NoSuchMethodError'{0x000000008d57aa98}: 'int java.lang.invoke.DirectMethodHandle$Holder.invokeSpecial(java.lang.Object, java.lang.Object, java.lang.Object, int)'> (0x000000008d57aa98) 
thrown [s\src\hotspot\share\interpreter\linkResolver.cpp, line 771]
Event: 90.880 Thread 0x000001e41c4227a0 Exception <a 'java/lang/NoSuchMethodError'{0x000000008d538520}: 'int java.lang.invoke.DirectMethodHandle$Holder.invokeSpecial(java.lang.Object, java.lang.Object, java.lang.Object, int)'> (0x000000008d538520) 
thrown [s\src\hotspot\share\interpreter\linkResolver.cpp, line 771]
Event: 91.359 Thread 0x000001e41c425530 Exception <a 'java/lang/NoSuchMethodError'{0x000000008c9ef688}: 'java.lang.Object java.lang.invoke.DirectMethodHandle$Holder.newInvokeSpecial(java.lang.Object, java.lang.Object, int, java.lang.Object, java.lang.Object, java.lang.Object)'> (0x000000008c9ef688) 
thrown [s\src\hotspot\share\interpreter\linkResolver.cpp, line 771]
Event: 91.360 Thread 0x000001e41c425530 Exception <a 'java/lang/NoSuchMethodError'{0x000000008c729850}: 'java.lang.Object java.lang.invoke.Invokers$Holder.linkToTargetMethod(java.lang.Object, int, java.lang.Object, java.lang.Object, java.lang.Object, java.lang.Object)'> (0x000000008c729850) 
thrown [s\src\hotspot\share\interpreter\linkResolver.cpp, line 771]
Event: 91.373 Thread 0x000001e41c4227a0 Exception <a 'java/lang/NoSuchMethodError'{0x000000008c70cdb0}: 'java.lang.Object java.lang.invoke.DirectMethodHandle$Holder.newInvokeSpecial(java.lang.Object, java.lang.Object, int, java.lang.Object, java.lang.Object, java.lang.Object)'> (0x000000008c70cdb0) 
thrown [s\src\hotspot\share\interpreter\linkResolver.cpp, line 771]
Event: 91.376 Thread 0x000001e41c4227a0 Exception <a 'java/lang/NoSuchMethodError'{0x000000008c710ab8}: 'java.lang.Object java.lang.invoke.Invokers$Holder.linkToTargetMethod(java.lang.Object, int, java.lang.Object, java.lang.Object, java.lang.Object, java.lang.Object)'> (0x000000008c710ab8) 
thrown [s\src\hotspot\share\interpreter\linkResolver.cpp, line 771]
Event: 91.410 Thread 0x000001e41c4227a0 Exception <a 'java/lang/NoSuchMethodError'{0x000000008c763f18}: 'void java.lang.invoke.DirectMethodHandle$Holder.invokeStatic(java.lang.Object, java.lang.Object, java.lang.Object, java.lang.Object, java.lang.Object, java.lang.Object, java.lang.Object, java.lang.Object)'> (0x000000008c763f18) 
thrown [s\src\hotspot\share\interpreter\linkResolver.cpp, line 771]

VM Operations (20 events):
Event: 89.961 Executing VM operation: Cleanup
Event: 89.961 Executing VM operation: Cleanup done
Event: 90.033 Executing VM operation: HandshakeAllThreads
Event: 90.048 Executing VM operation: HandshakeAllThreads done
Event: 90.202 Executing VM operation: HandshakeAllThreads
Event: 90.202 Executing VM operation: HandshakeAllThreads done
Event: 90.636 Executing VM operation: ICBufferFull
Event: 90.636 Executing VM operation: ICBufferFull done
Event: 90.636 Executing VM operation: ICBufferFull
Event: 90.636 Executing VM operation: ICBufferFull done
Event: 90.754 Executing VM operation: HandshakeAllThreads
Event: 90.763 Executing VM operation: HandshakeAllThreads done
Event: 90.827 Executing VM operation: HandshakeAllThreads
Event: 90.841 Executing VM operation: HandshakeAllThreads done
Event: 90.848 Executing VM operation: HandshakeAllThreads
Event: 90.857 Executing VM operation: HandshakeAllThreads done
Event: 90.970 Executing VM operation: ICBufferFull
Event: 90.972 Executing VM operation: ICBufferFull done
Event: 91.515 Executing VM operation: G1CollectForAllocation
Event: 91.595 Executing VM operation: G1CollectForAllocation done

Events (20 events):
Event: 90.489 loading class java/util/IdentityHashMap$EntrySet
Event: 90.489 loading class java/util/IdentityHashMap$EntrySet done
Event: 90.489 loading class java/util/IdentityHashMap$EntrySpliterator
Event: 90.490 loading class java/util/IdentityHashMap$IdentityHashMapSpliterator
Event: 90.490 loading class java/util/IdentityHashMap$IdentityHashMapSpliterator done
Event: 90.490 loading class java/util/IdentityHashMap$EntrySpliterator done
Event: 90.557 loading class java/util/PriorityQueue
Event: 90.559 loading class java/util/PriorityQueue done
Event: 90.584 loading class java/util/IdentityHashMap$ValueIterator
Event: 90.584 loading class java/util/IdentityHashMap$ValueIterator done
Event: 90.639 Thread 0x000001e418fd5850 Thread added: 0x000001e418fd5850
Event: 90.683 Thread 0x000001e4236cd5c0 Thread added: 0x000001e4236cd5c0
Event: 90.825 loading class java/util/SortedSet$1
Event: 90.825 loading class java/util/SortedSet$1 done
Event: 90.843 loading class java/util/stream/SliceOps
Event: 90.844 loading class java/util/stream/SliceOps done
Event: 90.844 loading class java/util/stream/SliceOps$1
Event: 90.844 loading class java/util/stream/SliceOps$1 done
Event: 90.857 loading class java/util/stream/SliceOps$1$1
Event: 90.857 loading class java/util/stream/SliceOps$1$1 done


Dynamic libraries:
0x00007ff6374a0000 - 0x00007ff6374aa000 	C:\Program Files\Android\Android Studio\jbr\bin\java.exe
0x00007ffa71410000 - 0x00007ffa71627000 	C:\WINDOWS\SYSTEM32\ntdll.dll
0x00007ffa6fdd0000 - 0x00007ffa6fe94000 	C:\WINDOWS\System32\KERNEL32.DLL
0x00007ffa6e8a0000 - 0x00007ffa6ec4c000 	C:\WINDOWS\System32\KERNELBASE.dll
0x00007ffa6ec50000 - 0x00007ffa6ed61000 	C:\WINDOWS\System32\ucrtbase.dll
0x00007ffa5c5e0000 - 0x00007ffa5c5fb000 	C:\Program Files\Android\Android Studio\jbr\bin\VCRUNTIME140.dll
0x00007ffa4ae90000 - 0x00007ffa4aea7000 	C:\Program Files\Android\Android Studio\jbr\bin\jli.dll
0x00007ffa70710000 - 0x00007ffa708be000 	C:\WINDOWS\System32\USER32.dll
0x00007ffa59960000 - 0x00007ffa59bf3000 	C:\WINDOWS\WinSxS\amd64_microsoft.windows.common-controls_6595b64144ccf1df_6.0.22621.3672_none_2713b9d173822955\COMCTL32.dll
0x00007ffa6f0b0000 - 0x00007ffa6f0d6000 	C:\WINDOWS\System32\win32u.dll
0x00007ffa70160000 - 0x00007ffa70207000 	C:\WINDOWS\System32\msvcrt.dll
0x00007ffa703c0000 - 0x00007ffa703e9000 	C:\WINDOWS\System32\GDI32.dll
0x00007ffa6ed70000 - 0x00007ffa6ee89000 	C:\WINDOWS\System32\gdi32full.dll
0x00007ffa6e800000 - 0x00007ffa6e89a000 	C:\WINDOWS\System32\msvcp_win.dll
0x00007ffa6f270000 - 0x00007ffa6f2a1000 	C:\WINDOWS\System32\IMM32.DLL
0x00007ffa69b40000 - 0x00007ffa69b4c000 	C:\Program Files\Android\Android Studio\jbr\bin\vcruntime140_1.dll
0x00007ffa5c550000 - 0x00007ffa5c5dd000 	C:\Program Files\Android\Android Studio\jbr\bin\msvcp140.dll
0x00007ff9d7870000 - 0x00007ff9d84f3000 	C:\Program Files\Android\Android Studio\jbr\bin\server\jvm.dll
0x00007ffa703f0000 - 0x00007ffa704a2000 	C:\WINDOWS\System32\ADVAPI32.dll
0x00007ffa6f1b0000 - 0x00007ffa6f25a000 	C:\WINDOWS\System32\sechost.dll
0x00007ffa6ef10000 - 0x00007ffa6ef38000 	C:\WINDOWS\System32\bcrypt.dll
0x00007ffa712b0000 - 0x00007ffa713c5000 	C:\WINDOWS\System32\RPCRT4.dll
0x00007ffa5b1d0000 - 0x00007ffa5b1d9000 	C:\WINDOWS\SYSTEM32\WSOCK32.dll
0x00007ffa660d0000 - 0x00007ffa66104000 	C:\WINDOWS\SYSTEM32\WINMM.dll
0x00007ffa678d0000 - 0x00007ffa678da000 	C:\WINDOWS\SYSTEM32\VERSION.dll
0x00007ffa6f490000 - 0x00007ffa6f501000 	C:\WINDOWS\System32\WS2_32.dll
0x00007ffa6e600000 - 0x00007ffa6e64d000 	C:\WINDOWS\SYSTEM32\POWRPROF.dll
0x00007ffa6e5e0000 - 0x00007ffa6e5f3000 	C:\WINDOWS\SYSTEM32\UMPDC.dll
0x00007ffa6d770000 - 0x00007ffa6d788000 	C:\WINDOWS\SYSTEM32\kernel.appcore.dll
0x00007ffa68680000 - 0x00007ffa6868a000 	C:\Program Files\Android\Android Studio\jbr\bin\jimage.dll
0x00007ffa61eb0000 - 0x00007ffa620e2000 	C:\WINDOWS\SYSTEM32\DBGHELP.DLL
0x00007ffa70df0000 - 0x00007ffa71178000 	C:\WINDOWS\System32\combase.dll
0x00007ffa6feb0000 - 0x00007ffa6ff87000 	C:\WINDOWS\System32\OLEAUT32.dll
0x00007ffa4e240000 - 0x00007ffa4e272000 	C:\WINDOWS\SYSTEM32\dbgcore.DLL
0x00007ffa6ee90000 - 0x00007ffa6ef0b000 	C:\WINDOWS\System32\bcryptPrimitives.dll
0x00007ffa53570000 - 0x00007ffa5357e000 	C:\Program Files\Android\Android Studio\jbr\bin\instrument.dll
0x00007ffa4a570000 - 0x00007ffa4a595000 	C:\Program Files\Android\Android Studio\jbr\bin\java.dll
0x00007ffa53220000 - 0x00007ffa53238000 	C:\Program Files\Android\Android Studio\jbr\bin\zip.dll
0x00007ffa6f510000 - 0x00007ffa6fd6c000 	C:\WINDOWS\System32\SHELL32.dll
0x00007ffa6c690000 - 0x00007ffa6cf87000 	C:\WINDOWS\SYSTEM32\windows.storage.dll
0x00007ffa6c550000 - 0x00007ffa6c68f000 	C:\WINDOWS\SYSTEM32\wintypes.dll
0x00007ffa6f310000 - 0x00007ffa6f404000 	C:\WINDOWS\System32\SHCORE.dll
0x00007ffa6f2b0000 - 0x00007ffa6f30e000 	C:\WINDOWS\System32\shlwapi.dll
0x00007ffa6e670000 - 0x00007ffa6e691000 	C:\WINDOWS\SYSTEM32\profapi.dll
0x00007ffa531c0000 - 0x00007ffa531d9000 	C:\Program Files\Android\Android Studio\jbr\bin\net.dll
0x00007ffa676a0000 - 0x00007ffa677d6000 	C:\WINDOWS\SYSTEM32\WINHTTP.dll
0x00007ffa6dbe0000 - 0x00007ffa6dc49000 	C:\WINDOWS\system32\mswsock.dll
0x00007ffa4e3b0000 - 0x00007ffa4e3c6000 	C:\Program Files\Android\Android Studio\jbr\bin\nio.dll
0x00007ffa53600000 - 0x00007ffa53610000 	C:\Program Files\Android\Android Studio\jbr\bin\verify.dll
0x00007ffa570e0000 - 0x00007ffa57107000 	C:\Users\DELL\gradle-8.7\native\c067742578af261105cb4f569cf0c3c89f3d7b1fecec35dd04571415982c5e48\windows-amd64\native-platform.dll
0x00007ffa5b9b0000 - 0x00007ffa5baf4000 	C:\Users\DELL\gradle-8.7\native\38dada09dfb8b06ba9b0570ebf7e218e3eb74d4ef43ca46872605cf95ebc2f47\windows-amd64\native-platform-file-events.dll
0x00007ffa570c0000 - 0x00007ffa570c9000 	C:\Program Files\Android\Android Studio\jbr\bin\management.dll
0x00007ffa56fe0000 - 0x00007ffa56feb000 	C:\Program Files\Android\Android Studio\jbr\bin\management_ext.dll
0x00007ffa6fea0000 - 0x00007ffa6fea8000 	C:\WINDOWS\System32\PSAPI.DLL
0x00007ffa6de40000 - 0x00007ffa6de5b000 	C:\WINDOWS\SYSTEM32\CRYPTSP.dll
0x00007ffa6d6d0000 - 0x00007ffa6d705000 	C:\WINDOWS\system32\rsaenh.dll
0x00007ffa6dce0000 - 0x00007ffa6dd08000 	C:\WINDOWS\SYSTEM32\USERENV.dll
0x00007ffa6de60000 - 0x00007ffa6de6c000 	C:\WINDOWS\SYSTEM32\CRYPTBASE.dll
0x00007ffa6d230000 - 0x00007ffa6d25d000 	C:\WINDOWS\SYSTEM32\IPHLPAPI.DLL
0x00007ffa6f260000 - 0x00007ffa6f269000 	C:\WINDOWS\System32\NSI.dll
0x00007ffa675b0000 - 0x00007ffa675c9000 	C:\WINDOWS\SYSTEM32\dhcpcsvc6.DLL
0x00007ffa67210000 - 0x00007ffa6722f000 	C:\WINDOWS\SYSTEM32\dhcpcsvc.DLL
0x00007ffa6d260000 - 0x00007ffa6d358000 	C:\WINDOWS\SYSTEM32\DNSAPI.dll
0x00007ffa5b1e0000 - 0x00007ffa5b1e9000 	C:\Program Files\Android\Android Studio\jbr\bin\extnet.dll
0x00007ffa14b20000 - 0x00007ffa14b28000 	C:\WINDOWS\system32\wshunix.dll
0x00007ffa59ec0000 - 0x00007ffa59ed7000 	C:\WINDOWS\system32\napinsp.dll
0x00007ffa58fb0000 - 0x00007ffa58fcb000 	C:\WINDOWS\system32\pnrpnsp.dll
0x00007ffa58e10000 - 0x00007ffa58e21000 	C:\WINDOWS\System32\winrnr.dll
0x00007ffa65510000 - 0x00007ffa65525000 	C:\WINDOWS\system32\wshbth.dll
0x00007ffa58de0000 - 0x00007ffa58e07000 	C:\WINDOWS\system32\nlansp_c.dll
0x00007ffa62b30000 - 0x00007ffa62b3a000 	C:\Windows\System32\rasadhlp.dll
0x00007ffa64eb0000 - 0x00007ffa64f33000 	C:\WINDOWS\System32\fwpuclnt.dll
0x00007ffa6d790000 - 0x00007ffa6d7c4000 	C:\WINDOWS\SYSTEM32\ntmarta.dll
0x00007ffa5c770000 - 0x00007ffa5c78e000 	C:\Users\DELL\AppData\Local\Temp\native-platform14577399399964344830dir\native-platform.dll
0x00007ffa5c6a0000 - 0x00007ffa5c6a7000 	C:\Program Files\Android\Android Studio\jbr\bin\rmi.dll

dbghelp: loaded successfully - version: 4.0.5 - missing functions: none
symbol engine: initialized successfully - sym options: 0x614 - pdb path: .;C:\Program Files\Android\Android Studio\jbr\bin;C:\WINDOWS\SYSTEM32;C:\WINDOWS\WinSxS\amd64_microsoft.windows.common-controls_6595b64144ccf1df_6.0.22621.3672_none_2713b9d173822955;C:\Program Files\Android\Android Studio\jbr\bin\server;C:\Users\DELL\gradle-8.7\native\c067742578af261105cb4f569cf0c3c89f3d7b1fecec35dd04571415982c5e48\windows-amd64;C:\Users\DELL\gradle-8.7\native\38dada09dfb8b06ba9b0570ebf7e218e3eb74d4ef43ca46872605cf95ebc2f47\windows-amd64;C:\Users\DELL\AppData\Local\Temp\native-platform14577399399964344830dir

VM Arguments:
jvm_args: --add-opens=java.base/java.util=ALL-UNNAMED --add-opens=java.base/java.lang=ALL-UNNAMED --add-opens=java.base/java.lang.invoke=ALL-UNNAMED --add-opens=java.prefs/java.util.prefs=ALL-UNNAMED --add-opens=java.base/java.nio.charset=ALL-UNNAMED --add-opens=java.base/java.net=ALL-UNNAMED --add-opens=java.base/java.util.concurrent.atomic=ALL-UNNAMED -Xmx2048m -Dfile.encoding=UTF-8 -Duser.country=US -Duser.language=en -Duser.variant -javaagent:C:\Users\DELL\gradle-8.7\wrapper\dists\gradle-8.7-bin\bhs2wmbdwecv87pi65oeuq5iu\gradle-8.7\lib\agents\gradle-instrumentation-agent-8.7.jar 
java_command: org.gradle.launcher.daemon.bootstrap.GradleDaemon 8.7
java_class_path (initial): C:\Users\DELL\gradle-8.7\wrapper\dists\gradle-8.7-bin\bhs2wmbdwecv87pi65oeuq5iu\gradle-8.7\lib\gradle-launcher-8.7.jar
Launcher Type: SUN_STANDARD

[Global flags]
     intx CICompilerCount                          = 4                                         {product} {ergonomic}
     uint ConcGCThreads                            = 2                                         {product} {ergonomic}
     uint G1ConcRefinementThreads                  = 8                                         {product} {ergonomic}
   size_t G1HeapRegionSize                         = 1048576                                   {product} {ergonomic}
    uintx GCDrainStackTargetSize                   = 64                                        {product} {ergonomic}
   size_t InitialHeapSize                          = 234881024                                 {product} {ergonomic}
   size_t MarkStackSize                            = 4194304                                   {product} {ergonomic}
   size_t MaxHeapSize                              = 2147483648                                {product} {command line}
   size_t MaxNewSize                               = 1287651328                                {product} {ergonomic}
   size_t MinHeapDeltaBytes                        = 1048576                                   {product} {ergonomic}
   size_t MinHeapSize                              = 8388608                                   {product} {ergonomic}
    uintx NonNMethodCodeHeapSize                   = 5839372                                {pd product} {ergonomic}
    uintx NonProfiledCodeHeapSize                  = 122909434                              {pd product} {ergonomic}
    uintx ProfiledCodeHeapSize                     = 122909434                              {pd product} {ergonomic}
    uintx ReservedCodeCacheSize                    = 251658240                              {pd product} {ergonomic}
     bool SegmentedCodeCache                       = true                                      {product} {ergonomic}
   size_t SoftMaxHeapSize                          = 2147483648                             {manageable} {ergonomic}
     bool UseCompressedClassPointers               = true                           {product lp64_product} {ergonomic}
     bool UseCompressedOops                        = true                           {product lp64_product} {ergonomic}
     bool UseG1GC                                  = true                                      {product} {ergonomic}
     bool UseLargePagesIndividualAllocation        = false                                  {pd product} {ergonomic}

Logging:
Log output configuration:
 #0: stdout all=warning uptime,level,tags
 #1: stderr all=off uptime,level,tags

Environment Variables:
PATH=C:\WINDOWS\system32;C:\WINDOWS;C:\WINDOWS\System32\Wbem;C:\WINDOWS\System32\WindowsPowerShell\v1.0\;C:\WINDOWS\System32\OpenSSH\;C:\Program Files\dotnet\;C:\WINDOWS\system32;C:\WINDOWS;C:\WINDOWS\System32\Wbem;C:\WINDOWS\System32\WindowsPowerShell\v1.0\;C:\WINDOWS\System32\OpenSSH\;C:\Program Files\MySQL\MySQL Server 8.0\bin;C:\Program Files\nodejs\;C:\Program Files\Git\cmd;C:\Users\DELL\AppData\Local\Microsoft\WindowsApps;C:\MinGW\bin;C:\Users\DELL\.dotnet\tools;C:\Users\DELL\AppData\Local\Programs\Microsoft VS Code\bin;C:\kotlin-compiler-1.9.24\kotlinc\bin;C:\Users\DELL\gradle-8.7\bin;C:\Users\DELL\platform-tools-latest-windows\platform-tools;C:\Users\DELL\Oracle_JDK-22\bin;C:\Users\DELL\AppData\Roaming\npm;C:\Users\DELL\node-v20.14.0-x64.msi;
USERNAME=DELL
OS=Windows_NT
PROCESSOR_IDENTIFIER=AMD64 Family 23 Model 24 Stepping 1, AuthenticAMD
TMP=C:\Users\DELL\AppData\Local\Temp
TEMP=C:\Users\DELL\AppData\Local\Temp



Periodic native trim disabled

JNI global refs:
JNI global refs: 30, weak refs: 32

JNI global refs memory usage: 843, weak refs: 841

OOME stack traces (most recent first):
Classloader memory used:
