#
# There is insufficient memory for the Java Runtime Environment to continue.
# Native memory allocation (mmap) failed to map 234881024 bytes for G1 virtual space
# Possible reasons:
#   The system is out of physical RAM or swap space
#   The process is running with CompressedOops enabled, and the Java Heap may be blocking the growth of the native heap
# Possible solutions:
#   Reduce memory load on the system
#   Increase physical memory or swap space
#   Check if swap backing store is full
#   Decrease Java heap size (-Xmx/-Xms)
#   Decrease number of Java threads
#   Decrease Java thread stack sizes (-Xss)
#   Set larger code cache with -XX:ReservedCodeCacheSize=
#   JVM is running with Zero Based Compressed Oops mode in which the Java heap is
#     placed in the first 32GB address space. The Java Heap base address is the
#     maximum limit for the native heap growth. Please use -XX:HeapBaseMinAddress
#     to set the Java Heap base and to place the Java Heap above 32GB virtual address.
# This output file may be truncated or incomplete.
#
#  Out of Memory Error (os_windows.cpp:3825), pid=16832, tid=21196
#
# JRE version:  (17.0.10) (build )
# Java VM: OpenJDK 64-Bit Server VM (17.0.10+0--11609105, mixed mode, sharing, tiered, compressed oops, compressed class ptrs, g1 gc, windows-amd64)
# No core dump will be written. Minidumps are not enabled by default on client versions of Windows
#

---------------  S U M M A R Y ------------

Command Line: org.jetbrains.kotlin.cli.jvm.K2JVMCompiler @C:\Users\DELL\AndroidStudioProjects\Doctor_Booking_System\app\build\20240628_17396353385427951138.compiler.options

Host: AMD Ryzen 5 3450U with Radeon Vega Mobile Gfx  , 8 cores, 13G,  Windows 11 , 64 bit Build 22621 (10.0.22621.3672)
Time: Fri Jun 28 21:23:05 2024 Nepal Standard Time elapsed time: 0.027499 seconds (0d 0h 0m 0s)

---------------  T H R E A D  ---------------

Current thread (0x0000029f5425e0c0):  JavaThread "Unknown thread" [_thread_in_vm, id=21196, stack(0x000000a6e9800000,0x000000a6e9900000)]

Stack: [0x000000a6e9800000,0x000000a6e9900000]
Native frames: (J=compiled Java code, j=interpreted, Vv=VM code, C=native code)
V  [jvm.dll+0x688de9]
V  [jvm.dll+0x8423da]
V  [jvm.dll+0x84401e]
V  [jvm.dll+0x844683]
V  [jvm.dll+0x24be0f]
V  [jvm.dll+0x685bb9]
V  [jvm.dll+0x67a46a]
V  [jvm.dll+0x30cbab]
V  [jvm.dll+0x314056]
V  [jvm.dll+0x363dce]
V  [jvm.dll+0x363fff]
V  [jvm.dll+0x2e2978]
V  [jvm.dll+0x2e38e4]
V  [jvm.dll+0x812f71]
V  [jvm.dll+0x371c81]
V  [jvm.dll+0x7f1ac6]
V  [jvm.dll+0x3f58df]
V  [jvm.dll+0x3f7511]
C  [jli.dll+0x528f]
C  [ucrtbase.dll+0x29333]
C  [KERNEL32.DLL+0x1257d]
C  [ntdll.dll+0x5af28]


---------------  P R O C E S S  ---------------

Threads class SMR info:
_java_thread_list=0x00007ff81515ef58, length=0, elements={
}

Java Threads: ( => current thread )

Other Threads:
  0x0000029f542bd900 GCTaskThread "GC Thread#0" [stack: 0x000000a6e9900000,0x000000a6e9a00000] [id=20328]
  0x0000029f542cc690 ConcurrentGCThread "G1 Main Marker" [stack: 0x000000a6e9a00000,0x000000a6e9b00000] [id=6328]
  0x0000029f542ce860 ConcurrentGCThread "G1 Conc#0" [stack: 0x000000a6e9b00000,0x000000a6e9c00000] [id=8372]

[error occurred during error reporting (printing all threads), id 0xc0000005, EXCEPTION_ACCESS_VIOLATION (0xc0000005) at pc=0x00007ff814913547]

VM state: not at safepoint (not fully initialized)

VM Mutex/Monitor currently owned by a thread:  ([mutex/lock_event])
[0x0000029f5425abb0] Heap_lock - owner thread: 0x0000029f5425e0c0

Heap address: 0x0000000721c00000, size: 3556 MB, Compressed Oops mode: Zero based, Oop shift amount: 3

CDS archive(s) mapped at: [0x0000000000000000-0x0000000000000000-0x0000000000000000), size 0, SharedBaseAddress: 0x0000000800000000, ArchiveRelocationMode: 1.
Narrow klass base: 0x0000000000000000, Narrow klass shift: 0, Narrow klass range: 0x0

GC Precious Log:
<Empty>

Heap:
 garbage-first heap   total 0K, used 0K [0x0000000721c00000, 0x0000000800000000)
  region size 2048K, 0 young (0K), 0 survivors (0K)
 Metaspace       used 0K, committed 0K, reserved 0K
  class space    used 0K, committed 0K, reserved 0K

Heap Regions: E=young(eden), S=young(survivor), O=old, HS=humongous(starts), HC=humongous(continues), CS=collection set, F=free, OA=open archive, CA=closed archive, TAMS=top-at-mark-start (previous, next)

Card table byte_map: [0x0000029f69080000,0x0000029f69780000] _byte_map_base: 0x0000029f65772000

Marking Bits (Prev, Next): (CMBitMap*) 0x0000029f542bdf20, (CMBitMap*) 0x0000029f542bdf60
 Prev Bits: [0x0000029f69e80000, 0x0000029f6d610000)
 Next Bits: [0x0000029f6d610000, 0x0000029f70da0000)

GC Heap History (0 events):
No events

Dll operation events (1 events):
Event: 0.018 Loaded shared library C:\Program Files\Android\Android Studio\jbr\bin\java.dll

Deoptimization events (0 events):
No events

Classes unloaded (0 events):
No events

Classes redefined (0 events):
No events

Internal exceptions (0 events):
No events

VM Operations (0 events):
No events

Events (0 events):
No events


Dynamic libraries:
0x00007ff638390000 - 0x00007ff63839a000 	C:\Program Files\Android\Android Studio\jbr\bin\java.exe
0x00007ff8682b0000 - 0x00007ff8684c7000 	C:\WINDOWS\SYSTEM32\ntdll.dll
0x00007ff867a50000 - 0x00007ff867b14000 	C:\WINDOWS\System32\KERNEL32.DLL
0x00007ff865770000 - 0x00007ff865b1d000 	C:\WINDOWS\System32\KERNELBASE.dll
0x00007ff865650000 - 0x00007ff865761000 	C:\WINDOWS\System32\ucrtbase.dll
0x00007ff8555c0000 - 0x00007ff8555d7000 	C:\Program Files\Android\Android Studio\jbr\bin\jli.dll
0x00007ff856260000 - 0x00007ff85627b000 	C:\Program Files\Android\Android Studio\jbr\bin\VCRUNTIME140.dll
0x00007ff867fc0000 - 0x00007ff86816e000 	C:\WINDOWS\System32\USER32.dll
0x00007ff865e20000 - 0x00007ff865e46000 	C:\WINDOWS\System32\win32u.dll
0x00007ff848eb0000 - 0x00007ff849143000 	C:\WINDOWS\WinSxS\amd64_microsoft.windows.common-controls_6595b64144ccf1df_6.0.22621.3672_none_2713b9d173822955\COMCTL32.dll
0x00007ff867960000 - 0x00007ff867a07000 	C:\WINDOWS\System32\msvcrt.dll
0x00007ff866e30000 - 0x00007ff866e59000 	C:\WINDOWS\System32\GDI32.dll
0x00007ff865c40000 - 0x00007ff865d59000 	C:\WINDOWS\System32\gdi32full.dll
0x00007ff865b20000 - 0x00007ff865bba000 	C:\WINDOWS\System32\msvcp_win.dll
0x00007ff867a10000 - 0x00007ff867a41000 	C:\WINDOWS\System32\IMM32.DLL
0x00007ff85edf0000 - 0x00007ff85edfc000 	C:\Program Files\Android\Android Studio\jbr\bin\vcruntime140_1.dll
0x00007ff842da0000 - 0x00007ff842e2d000 	C:\Program Files\Android\Android Studio\jbr\bin\msvcp140.dll
0x00007ff814620000 - 0x00007ff8152a3000 	C:\Program Files\Android\Android Studio\jbr\bin\server\jvm.dll
0x00007ff867cc0000 - 0x00007ff867d72000 	C:\WINDOWS\System32\ADVAPI32.dll
0x00007ff867c00000 - 0x00007ff867ca9000 	C:\WINDOWS\System32\sechost.dll
0x00007ff865fc0000 - 0x00007ff865fe8000 	C:\WINDOWS\System32\bcrypt.dll
0x00007ff867710000 - 0x00007ff867824000 	C:\WINDOWS\System32\RPCRT4.dll
0x00007ff8654a0000 - 0x00007ff8654ed000 	C:\WINDOWS\SYSTEM32\POWRPROF.dll
0x00007ff85dd80000 - 0x00007ff85dd89000 	C:\WINDOWS\SYSTEM32\WSOCK32.dll
0x00007ff85f540000 - 0x00007ff85f574000 	C:\WINDOWS\SYSTEM32\WINMM.dll
0x00007ff85bc90000 - 0x00007ff85bc9a000 	C:\WINDOWS\SYSTEM32\VERSION.dll
0x00007ff8678e0000 - 0x00007ff867951000 	C:\WINDOWS\System32\WS2_32.dll
0x00007ff865480000 - 0x00007ff865493000 	C:\WINDOWS\SYSTEM32\UMPDC.dll
0x00007ff864610000 - 0x00007ff864628000 	C:\WINDOWS\SYSTEM32\kernel.appcore.dll
0x00007ff85ee80000 - 0x00007ff85ee8a000 	C:\Program Files\Android\Android Studio\jbr\bin\jimage.dll
0x00007ff85d040000 - 0x00007ff85d272000 	C:\WINDOWS\SYSTEM32\DBGHELP.DLL
0x00007ff867130000 - 0x00007ff8674b8000 	C:\WINDOWS\System32\combase.dll
0x00007ff867b20000 - 0x00007ff867bf7000 	C:\WINDOWS\System32\OLEAUT32.dll
0x00007ff844250000 - 0x00007ff844282000 	C:\WINDOWS\SYSTEM32\dbgcore.DLL
0x00007ff865bc0000 - 0x00007ff865c3b000 	C:\WINDOWS\System32\bcryptPrimitives.dll
0x00007ff855ba0000 - 0x00007ff855bc5000 	C:\Program Files\Android\Android Studio\jbr\bin\java.dll

dbghelp: loaded successfully - version: 4.0.5 - missing functions: none
symbol engine: initialized successfully - sym options: 0x614 - pdb path: .;C:\Program Files\Android\Android Studio\jbr\bin;C:\WINDOWS\SYSTEM32;C:\WINDOWS\WinSxS\amd64_microsoft.windows.common-controls_6595b64144ccf1df_6.0.22621.3672_none_2713b9d173822955;C:\Program Files\Android\Android Studio\jbr\bin\server

VM Arguments:
java_command: org.jetbrains.kotlin.cli.jvm.K2JVMCompiler @C:\Users\DELL\AndroidStudioProjects\Doctor_Booking_System\app\build\20240628_17396353385427951138.compiler.options
java_class_path (initial): C:\Users\DELL\gradle-8.7\caches\modules-2\files-2.1\org.jetbrains.kotlin\kotlin-compiler-embeddable\1.9.0\2c8c3a7402becca891f12739b3e9fd2dc2adbd7a\kotlin-compiler-embeddable-1.9.0.jar;C:\Users\DELL\gradle-8.7\caches\modules-2\files-2.1\org.jetbrains.kotlin\kotlin-stdlib\1.9.0\8ee15ef0c67dc83d874f412d84378d7f0eb50b63\kotlin-stdlib-1.9.0.jar;C:\Users\DELL\gradle-8.7\caches\modules-2\files-2.1\org.jetbrains.kotlin\kotlin-script-runtime\1.9.0\4b3102cbbb7e1b58d9d1adf89563f00069ffa7d1\kotlin-script-runtime-1.9.0.jar;C:\Users\DELL\gradle-8.7\caches\modules-2\files-2.1\org.jetbrains.kotlin\kotlin-reflect\1.6.10\1cbe9c92c12a94eea200d23c2bbaedaf3daf5132\kotlin-reflect-1.6.10.jar;C:\Users\DELL\gradle-8.7\caches\modules-2\files-2.1\org.jetbrains.kotlin\kotlin-daemon-embeddable\1.9.0\186543f5e28cf8d9a0290fecc2cf34301c40a65c\kotlin-daemon-embeddable-1.9.0.jar;C:\Users\DELL\gradle-8.7\caches\modules-2\files-2.1\org.jetbrains.intellij.deps\trove4j\1.0.20200330\3afb14d5f9ceb459d724e907a21145e8ff394f02\trove4j-1.0.20200330.jar;C:\Users\DELL\gradle-8.7\caches\modules-2\files-2.1\org.jetbrains.kotlin\kotlin-stdlib-common\1.9.0\cd65c21cfd1eec4d44ef09f9f52b6d9f8a720636\kotlin-stdlib-common-1.9.0.jar;C:\Users\DELL\gradle-8.7\caches\modules-2\files-2.1\org.jetbrains\annotations\13.0\919f0dfe192fb4e063e7dacadee7f8bb9a2672a9\annotations-13.0.jar
Launcher Type: SUN_STANDARD

[Global flags]
     intx CICompilerCount                          = 4                                         {product} {ergonomic}
     uint ConcGCThreads                            = 2                                         {product} {ergonomic}
     uint G1ConcRefinementThreads                  = 8                                         {product} {ergonomic}
   size_t G1HeapRegionSize                         = 2097152                                   {product} {ergonomic}
    uintx GCDrainStackTargetSize                   = 64                                        {product} {ergonomic}
   size_t InitialHeapSize                          = 234881024                                 {product} {ergonomic}
   size_t MarkStackSize                            = 4194304                                   {product} {ergonomic}
   size_t MaxHeapSize                              = 3728736256                                {product} {ergonomic}
   size_t MinHeapDeltaBytes                        = 2097152                                   {product} {ergonomic}
   size_t MinHeapSize                              = 8388608                                   {product} {ergonomic}
    uintx NonNMethodCodeHeapSize                   = 5839372                                {pd product} {ergonomic}
    uintx NonProfiledCodeHeapSize                  = 122909434                              {pd product} {ergonomic}
    uintx ProfiledCodeHeapSize                     = 122909434                              {pd product} {ergonomic}
    uintx ReservedCodeCacheSize                    = 251658240                              {pd product} {ergonomic}
     bool SegmentedCodeCache                       = true                                      {product} {ergonomic}
   size_t SoftMaxHeapSize                          = 3728736256                             {manageable} {ergonomic}
     bool UseCompressedClassPointers               = true                           {product lp64_product} {ergonomic}
     bool UseCompressedOops                        = true                           {product lp64_product} {ergonomic}
     bool UseG1GC                                  = true                                      {product} {ergonomic}
     bool UseLargePagesIndividualAllocation        = false                                  {pd product} {ergonomic}

Logging:
Log output configuration:
 #0: stdout all=warning uptime,level,tags
 #1: stderr all=off uptime,level,tags

Environment Variables:
PATH=C:\WINDOWS\system32;C:\WINDOWS;C:\WINDOWS\System32\Wbem;C:\WINDOWS\System32\WindowsPowerShell\v1.0\;C:\WINDOWS\System32\OpenSSH\;C:\Program Files\dotnet\;C:\WINDOWS\system32;C:\WINDOWS;C:\WINDOWS\System32\Wbem;C:\WINDOWS\System32\WindowsPowerShell\v1.0\;C:\WINDOWS\System32\OpenSSH\;C:\Program Files\MySQL\MySQL Server 8.0\bin;C:\Program Files\nodejs\;C:\Program Files\Git\cmd;C:\Users\DELL\AppData\Local\Microsoft\WindowsApps;C:\MinGW\bin;C:\Users\DELL\.dotnet\tools;C:\Users\DELL\AppData\Local\Programs\Microsoft VS Code\bin;C:\kotlin-compiler-1.9.24\kotlinc\bin;C:\Users\DELL\gradle-8.7\bin;C:\Users\DELL\platform-tools-latest-windows\platform-tools;C:\Users\DELL\Oracle_JDK-22\bin;C:\Users\DELL\AppData\Roaming\npm;C:\Users\DELL\node-v20.14.0-x64.msi;
USERNAME=DELL
OS=Windows_NT
PROCESSOR_IDENTIFIER=AMD64 Family 23 Model 24 Stepping 1, AuthenticAMD
TMP=C:\Users\DELL\AppData\Local\Temp
TEMP=C:\Users\DELL\AppData\Local\Temp



Periodic native trim disabled

JNI global refs:
JNI global refs: 0, weak refs: 0

JNI global refs memory usage: 0, weak refs: 0

OOME stack traces (most recent first):
Classloader memory used:


---------------  S Y S T E M  ---------------

OS:
 Windows 11 , 64 bit Build 22621 (10.0.22621.3672)
OS uptime: 0 days 23:51 hours

CPU: total 8 (initial active 8) (8 cores per cpu, 2 threads per core) family 23 model 24 stepping 1 microcode 0x0, cx8, cmov, fxsr, ht, mmx, 3dnowpref, sse, sse2, sse3, ssse3, sse4a, sse4.1, sse4.2, popcnt, lzcnt, tsc, tscinvbit, avx, avx2, aes, clmul, bmi1, bmi2, adx, sha, fma, vzeroupper, clflush, clflushopt
Processor Information for all 8 processors :
  Max Mhz: 2100, Current Mhz: 2100, Mhz Limit: 2100

Memory: 4k page, system-wide physical 14222M (936M free)
TotalPageFile size 22193M (AvailPageFile size 53M)
current process WorkingSet (physical memory assigned to process): 11M, peak: 11M
current process commit charge ("private bytes"): 60M, peak: 284M

vm_info: OpenJDK 64-Bit Server VM (17.0.10+0--11609105) for windows-amd64 JRE (17.0.10+0--11609105), built on Mar 21 2024 19:10:56 by "androidbuild" with MS VC++ 16.10 / 16.11 (VS2019)

END.
